19:20:13.357 [Test worker] INFO  com.TestBase - By.name: userfound
19:20:13.483 [Test worker] INFO  com.TestBase - By.name: userfound
19:20:13.536 [Test worker] INFO  com.TestBase - By.name: userfound
19:20:13.630 [Test worker] INFO  com.TestBase - By.name: passfound
19:20:13.720 [Test worker] INFO  com.TestBase - By.name: passfound
19:20:13.766 [Test worker] INFO  com.TestBase - By.name: passfound
19:20:13.866 [Test worker] INFO  com.TestBase - By.cssSelector: [value='Login']found
19:20:14.555 [Test worker] INFO  com.TestBase - Start test testGetGroupsList
19:20:19.950 [Test worker] ERROR com.TestBase - ERROR!!!screen-1535214019950.pngorg.openqa.selenium.NoSuchElementException: no such element: Unable to locate element: {"method":"xpath","selector":"//h1[contains(text(),'Groups')]"}
  (Session info: chrome=68.0.3440.106)
  (Driver info: chromedriver=2.40.565498 (ea082db3280dd6843ebfb08a625e3eb905c4f5ab),platform=Windows NT 10.0.17134 x86_64) (WARNING: The server did not provide any stacktrace information)
Command duration or timeout: 0 milliseconds
For documentation on this error, please visit: http://seleniumhq.org/exceptions/no_such_element.html
Build info: version: '3.14.0', revision: 'aacccce0', time: '2018-08-02T20:19:58.91Z'
System info: host: 'DESKTOP-KFEGBU6', ip: '192.168.1.14', os.name: 'Windows 10', os.arch: 'amd64', os.version: '10.0', java.version: '1.8.0_171'
Driver info: org.openqa.selenium.chrome.ChromeDriver
Capabilities {acceptInsecureCerts: false, acceptSslCerts: false, applicationCacheEnabled: false, browserConnectionEnabled: false, browserName: chrome, chrome: {chromedriverVersion: 2.40.565498 (ea082db3280dd6..., userDataDir: C:\Users\vodya\AppData\Loca...}, cssSelectorsEnabled: true, databaseEnabled: false, handlesAlerts: true, hasTouchScreen: false, javascriptEnabled: true, locationContextEnabled: true, mobileEmulationEnabled: false, nativeEvents: true, networkConnectionEnabled: false, pageLoadStrategy: normal, platform: XP, platformName: XP, rotatable: false, setWindowRect: true, takesHeapSnapshot: true, takesScreenshot: true, unexpectedAlertBehaviour: , unhandledPromptBehavior: , version: 68.0.3440.106, webStorageEnabled: true}
Session ID: a4dd1ef2209f5e2dd6395a3befcafc2f
*** Element info: {Using=xpath, value=//h1[contains(text(),'Groups')]}
19:20:25.336 [Test worker] ERROR com.TestBase - ERROR!!!screen-1535214025335.pngorg.openqa.selenium.NoSuchElementException: no such element: Unable to locate element: {"method":"name","selector":"new"}
  (Session info: chrome=68.0.3440.106)
  (Driver info: chromedriver=2.40.565498 (ea082db3280dd6843ebfb08a625e3eb905c4f5ab),platform=Windows NT 10.0.17134 x86_64) (WARNING: The server did not provide any stacktrace information)
Command duration or timeout: 0 milliseconds
For documentation on this error, please visit: http://seleniumhq.org/exceptions/no_such_element.html
Build info: version: '3.14.0', revision: 'aacccce0', time: '2018-08-02T20:19:58.91Z'
System info: host: 'DESKTOP-KFEGBU6', ip: '192.168.1.14', os.name: 'Windows 10', os.arch: 'amd64', os.version: '10.0', java.version: '1.8.0_171'
Driver info: org.openqa.selenium.chrome.ChromeDriver
Capabilities {acceptInsecureCerts: false, acceptSslCerts: false, applicationCacheEnabled: false, browserConnectionEnabled: false, browserName: chrome, chrome: {chromedriverVersion: 2.40.565498 (ea082db3280dd6..., userDataDir: C:\Users\vodya\AppData\Loca...}, cssSelectorsEnabled: true, databaseEnabled: false, handlesAlerts: true, hasTouchScreen: false, javascriptEnabled: true, locationContextEnabled: true, mobileEmulationEnabled: false, nativeEvents: true, networkConnectionEnabled: false, pageLoadStrategy: normal, platform: XP, platformName: XP, rotatable: false, setWindowRect: true, takesHeapSnapshot: true, takesScreenshot: true, unexpectedAlertBehaviour: , unhandledPromptBehavior: , version: 68.0.3440.106, webStorageEnabled: true}
Session ID: a4dd1ef2209f5e2dd6395a3befcafc2f
*** Element info: {Using=name, value=new}
19:20:25.368 [Test worker] INFO  com.TestBase - By.cssSelector: [href='group.php']found
19:20:25.631 [Test worker] INFO  com.TestBase - By.cssSelector: span.groupfound
19:20:25.691 [Test worker] INFO  com.TestBase - By.tagName: inputfound
19:20:25.755 [Test worker] INFO  com.TestBase - By.tagName: inputfound
19:20:25.817 [Test worker] INFO  com.TestBase - By.tagName: inputfound
19:20:25.828 [Test worker] INFO  com.TestBase - Stop testtestGetGroupsList
19:20:25.829 [Test worker] INFO  com.TestBase - Start test testGroupCreation
19:20:25.846 [Test worker] INFO  com.TestBase - By.xpath: //h1[contains(text(),'Groups')]found
19:20:25.862 [Test worker] INFO  com.TestBase - By.cssSelector: span.groupfound
19:20:25.891 [Test worker] INFO  com.TestBase - By.tagName: inputfound
19:20:25.924 [Test worker] INFO  com.TestBase - By.tagName: inputfound
19:20:25.956 [Test worker] INFO  com.TestBase - By.tagName: inputfound
19:20:25.987 [Test worker] INFO  com.TestBase - By.xpath: //*[@name='new'][1]found
19:20:26.159 [Test worker] INFO  com.TestBase - By.name: group_namefound
19:20:26.262 [Test worker] INFO  com.TestBase - By.name: group_namefound
19:20:26.306 [Test worker] INFO  com.TestBase - By.name: group_namefound
19:20:26.430 [Test worker] INFO  com.TestBase - By.name: group_headerfound
19:20:26.507 [Test worker] INFO  com.TestBase - By.name: group_headerfound
19:20:26.557 [Test worker] INFO  com.TestBase - By.name: group_headerfound
19:20:26.673 [Test worker] INFO  com.TestBase - By.name: group_footerfound
19:20:26.764 [Test worker] INFO  com.TestBase - By.name: group_footerfound
19:20:26.807 [Test worker] INFO  com.TestBase - By.name: group_footerfound
19:20:26.922 [Test worker] INFO  com.TestBase - By.xpath: //*[@value='Enter information']found
19:20:27.130 [Test worker] INFO  com.TestBase - By.linkText: group pagefound
19:20:29.273 [Test worker] INFO  com.TestBase - By.cssSelector: span.groupfound
19:20:29.323 [Test worker] INFO  com.TestBase - By.tagName: inputfound
19:20:29.388 [Test worker] INFO  com.TestBase - By.tagName: inputfound
19:20:29.445 [Test worker] INFO  com.TestBase - By.tagName: inputfound
19:20:29.501 [Test worker] INFO  com.TestBase - By.tagName: inputfound
19:20:29.567 [Test worker] INFO  com.TestBase - Stop testtestGroupCreation
19:20:29.568 [Test worker] INFO  com.TestBase - Start test testGroupCreationWithEmptyFields
19:20:29.596 [Test worker] INFO  com.TestBase - By.xpath: //h1[contains(text(),'Groups')]found
19:20:29.621 [Test worker] INFO  com.TestBase - By.name: selected[]found
19:20:29.644 [Test worker] INFO  com.TestBase - By.xpath: //*[@name='new'][1]found
19:20:29.821 [Test worker] INFO  com.TestBase - By.name: group_namefound
19:20:29.915 [Test worker] INFO  com.TestBase - By.name: group_namefound
19:20:29.954 [Test worker] INFO  com.TestBase - By.name: group_namefound
19:20:30.004 [Test worker] INFO  com.TestBase - By.name: group_headerfound
19:20:30.079 [Test worker] INFO  com.TestBase - By.name: group_headerfound
19:20:30.123 [Test worker] INFO  com.TestBase - By.name: group_headerfound
19:20:30.176 [Test worker] INFO  com.TestBase - By.name: group_footerfound
19:20:30.255 [Test worker] INFO  com.TestBase - By.name: group_footerfound
19:20:30.306 [Test worker] INFO  com.TestBase - By.name: group_footerfound
19:20:30.359 [Test worker] INFO  com.TestBase - By.xpath: //*[@value='Enter information']found
19:20:30.532 [Test worker] INFO  com.TestBase - By.linkText: group pagefound
19:20:32.697 [Test worker] INFO  com.TestBase - By.name: selected[]found
19:20:32.699 [Test worker] INFO  com.TestBase - Stop testtestGroupCreationWithEmptyFields
19:20:32.701 [Test worker] INFO  com.TestBase - Start test testGroupCreationWithLongName
19:20:32.723 [Test worker] INFO  com.TestBase - By.xpath: //h1[contains(text(),'Groups')]found
19:20:32.737 [Test worker] INFO  com.TestBase - By.name: selected[]found
19:20:32.750 [Test worker] INFO  com.TestBase - By.xpath: //*[@name='new'][1]found
19:20:32.908 [Test worker] INFO  com.TestBase - By.name: group_namefound
19:20:32.990 [Test worker] INFO  com.TestBase - By.name: group_namefound
19:20:33.029 [Test worker] INFO  com.TestBase - By.name: group_namefound
19:20:33.224 [Test worker] INFO  com.TestBase - By.name: group_headerfound
19:20:33.303 [Test worker] INFO  com.TestBase - By.name: group_headerfound
19:20:33.341 [Test worker] INFO  com.TestBase - By.name: group_headerfound
19:20:33.446 [Test worker] INFO  com.TestBase - By.name: group_footerfound
19:20:33.524 [Test worker] INFO  com.TestBase - By.name: group_footerfound
19:20:33.569 [Test worker] INFO  com.TestBase - By.name: group_footerfound
19:20:33.665 [Test worker] INFO  com.TestBase - By.xpath: //*[@value='Enter information']found
19:20:33.842 [Test worker] INFO  com.TestBase - By.linkText: group pagefound
19:20:36.003 [Test worker] INFO  com.TestBase - By.name: selected[]found
19:20:36.006 [Test worker] INFO  com.TestBase - Stop testtestGroupCreationWithLongName
19:20:36.013 [Test worker] INFO  com.TestBase - Start test testGroupModification
19:20:36.036 [Test worker] INFO  com.TestBase - By.xpath: //h1[contains(text(),'Groups')]found
19:20:36.061 [Test worker] INFO  com.TestBase - By.name: selected[]found
19:20:36.084 [Test worker] INFO  com.TestBase - By.cssSelector: span.groupfound
19:20:36.131 [Test worker] INFO  com.TestBase - By.tagName: inputfound
19:20:36.186 [Test worker] INFO  com.TestBase - By.tagName: inputfound
19:20:36.242 [Test worker] INFO  com.TestBase - By.tagName: inputfound
19:20:36.298 [Test worker] INFO  com.TestBase - By.tagName: inputfound
19:20:36.352 [Test worker] INFO  com.TestBase - By.tagName: inputfound
19:20:36.406 [Test worker] INFO  com.TestBase - By.tagName: inputfound
19:20:36.426 [Test worker] INFO  com.TestBase - By.name: selected[]found
19:20:36.509 [Test worker] INFO  com.TestBase - By.xpath: //*[@name='edit'][1]found
19:20:36.688 [Test worker] INFO  com.TestBase - By.name: group_namefound
19:20:36.780 [Test worker] INFO  com.TestBase - By.name: group_namefound
19:20:36.819 [Test worker] INFO  com.TestBase - By.name: group_namefound
19:20:36.943 [Test worker] INFO  com.TestBase - By.name: group_headerfound
19:20:37.021 [Test worker] INFO  com.TestBase - By.name: group_headerfound
19:20:37.062 [Test worker] INFO  com.TestBase - By.name: group_headerfound
19:20:37.187 [Test worker] INFO  com.TestBase - By.name: group_footerfound
19:20:37.262 [Test worker] INFO  com.TestBase - By.name: group_footerfound
19:20:37.302 [Test worker] INFO  com.TestBase - By.name: group_footerfound
19:20:37.441 [Test worker] INFO  com.TestBase - By.name: updatefound
19:20:37.602 [Test worker] INFO  com.TestBase - By.linkText: group pagefound
19:20:39.752 [Test worker] INFO  com.TestBase - By.cssSelector: span.groupfound
19:20:39.810 [Test worker] INFO  com.TestBase - By.tagName: inputfound
19:20:39.868 [Test worker] INFO  com.TestBase - By.tagName: inputfound
19:20:39.925 [Test worker] INFO  com.TestBase - By.tagName: inputfound
19:20:39.981 [Test worker] INFO  com.TestBase - By.tagName: inputfound
19:20:40.034 [Test worker] INFO  com.TestBase - By.tagName: inputfound
19:20:40.090 [Test worker] INFO  com.TestBase - By.tagName: inputfound
19:20:40.106 [Test worker] INFO  com.TestBase - Stop testtestGroupModification
19:20:40.108 [Test worker] INFO  com.TestBase - Start test deletionFirstGroupTest
19:20:40.123 [Test worker] INFO  com.TestBase - By.xpath: //h1[contains(text(),'Groups')]found
19:20:40.144 [Test worker] INFO  com.TestBase - By.name: selected[]found
19:20:40.159 [Test worker] INFO  com.TestBase - By.cssSelector: span.groupfound
19:20:40.185 [Test worker] INFO  com.TestBase - By.tagName: inputfound
19:20:40.214 [Test worker] INFO  com.TestBase - By.tagName: inputfound
19:20:40.242 [Test worker] INFO  com.TestBase - By.tagName: inputfound
19:20:40.271 [Test worker] INFO  com.TestBase - By.tagName: inputfound
19:20:40.300 [Test worker] INFO  com.TestBase - By.tagName: inputfound
19:20:40.330 [Test worker] INFO  com.TestBase - By.tagName: inputfound
19:20:40.350 [Test worker] INFO  com.TestBase - By.name: selected[]found
19:20:40.433 [Test worker] INFO  com.TestBase - By.name: deletefound
19:20:40.618 [Test worker] INFO  com.TestBase - By.linkText: group pagefound
19:20:42.790 [Test worker] INFO  com.TestBase - By.cssSelector: span.groupfound
19:20:42.842 [Test worker] INFO  com.TestBase - By.tagName: inputfound
19:20:42.895 [Test worker] INFO  com.TestBase - By.tagName: inputfound
19:20:42.951 [Test worker] INFO  com.TestBase - By.tagName: inputfound
19:20:43.004 [Test worker] INFO  com.TestBase - By.tagName: inputfound
19:20:43.056 [Test worker] INFO  com.TestBase - By.tagName: inputfound
19:20:43.065 [Test worker] INFO  com.TestBase - Stop testdeletionFirstGroupTest
19:20:43.066 [Test worker] INFO  com.TestBase - Start test deletionGroupTest2
19:20:43.082 [Test worker] INFO  com.TestBase - By.xpath: //h1[contains(text(),'Groups')]found
19:20:43.104 [Test worker] INFO  com.TestBase - By.name: selected[]found
19:20:43.116 [Test worker] INFO  com.TestBase - By.name: selected[]found
19:20:43.128 [Test worker] INFO  com.TestBase - By.name: selected[]found
19:20:43.200 [Test worker] INFO  com.TestBase - By.name: deletefound
19:20:43.359 [Test worker] INFO  com.TestBase - By.linkText: group pagefound
19:20:45.527 [Test worker] INFO  com.TestBase - By.name: selected[]found
19:20:45.530 [Test worker] INFO  com.TestBase - Stop testdeletionGroupTest2
19:20:45.534 [Test worker] INFO  com.TestBase - Start test deletionLastGroupTest
19:20:45.554 [Test worker] INFO  com.TestBase - By.xpath: //h1[contains(text(),'Groups')]found
19:20:45.571 [Test worker] INFO  com.TestBase - By.name: selected[]found
19:20:45.585 [Test worker] INFO  com.TestBase - By.cssSelector: span.groupfound
19:20:45.629 [Test worker] INFO  com.TestBase - By.tagName: inputfound
19:20:45.682 [Test worker] INFO  com.TestBase - By.tagName: inputfound
19:20:45.744 [Test worker] INFO  com.TestBase - By.tagName: inputfound
19:20:45.813 [Test worker] INFO  com.TestBase - By.tagName: inputfound
19:20:45.834 [Test worker] INFO  com.TestBase - By.name: selected[]found
19:20:45.906 [Test worker] INFO  com.TestBase - By.name: deletefound
19:20:46.071 [Test worker] INFO  com.TestBase - By.linkText: group pagefound
19:20:48.222 [Test worker] INFO  com.TestBase - By.cssSelector: span.groupfound
19:20:48.274 [Test worker] INFO  com.TestBase - By.tagName: inputfound
19:20:48.332 [Test worker] INFO  com.TestBase - By.tagName: inputfound
19:20:48.389 [Test worker] INFO  com.TestBase - By.tagName: inputfound
19:20:48.397 [Test worker] INFO  com.TestBase - Stop testdeletionLastGroupTest
19:20:48.401 [Test worker] INFO  com.TestBase - Start test testContactCreation
19:20:53.802 [Test worker] ERROR com.TestBase - ERROR!!!screen-1535214053801.pngorg.openqa.selenium.NoSuchElementException: no such element: Unable to locate element: {"method":"xpath","selector":"//table[@id='maintable']"}
  (Session info: chrome=68.0.3440.106)
  (Driver info: chromedriver=2.40.565498 (ea082db3280dd6843ebfb08a625e3eb905c4f5ab),platform=Windows NT 10.0.17134 x86_64) (WARNING: The server did not provide any stacktrace information)
Command duration or timeout: 0 milliseconds
For documentation on this error, please visit: http://seleniumhq.org/exceptions/no_such_element.html
Build info: version: '3.14.0', revision: 'aacccce0', time: '2018-08-02T20:19:58.91Z'
System info: host: 'DESKTOP-KFEGBU6', ip: '192.168.1.14', os.name: 'Windows 10', os.arch: 'amd64', os.version: '10.0', java.version: '1.8.0_171'
Driver info: org.openqa.selenium.chrome.ChromeDriver
Capabilities {acceptInsecureCerts: false, acceptSslCerts: false, applicationCacheEnabled: false, browserConnectionEnabled: false, browserName: chrome, chrome: {chromedriverVersion: 2.40.565498 (ea082db3280dd6..., userDataDir: C:\Users\vodya\AppData\Loca...}, cssSelectorsEnabled: true, databaseEnabled: false, handlesAlerts: true, hasTouchScreen: false, javascriptEnabled: true, locationContextEnabled: true, mobileEmulationEnabled: false, nativeEvents: true, networkConnectionEnabled: false, pageLoadStrategy: normal, platform: XP, platformName: XP, rotatable: false, setWindowRect: true, takesHeapSnapshot: true, takesScreenshot: true, unexpectedAlertBehaviour: , unhandledPromptBehavior: , version: 68.0.3440.106, webStorageEnabled: true}
Session ID: a4dd1ef2209f5e2dd6395a3befcafc2f
*** Element info: {Using=xpath, value=//table[@id='maintable']}
19:20:53.826 [Test worker] INFO  com.TestBase - By.xpath: //a[contains(text(),'home')]found
19:20:54.114 [Test worker] INFO  com.TestBase - By.name: entryfound
19:20:54.138 [Test worker] INFO  com.TestBase - By.tagName: tdfound
19:20:54.159 [Test worker] INFO  com.TestBase - By.name: selected[]found
19:20:54.243 [Test worker] INFO  com.TestBase - By.tagName: tdfound
19:20:54.266 [Test worker] INFO  com.TestBase - By.name: selected[]found
19:20:54.344 [Test worker] INFO  com.TestBase - By.tagName: tdfound
19:20:54.366 [Test worker] INFO  com.TestBase - By.name: selected[]found
19:20:54.445 [Test worker] INFO  com.TestBase - By.tagName: tdfound
19:20:54.471 [Test worker] INFO  com.TestBase - By.name: selected[]found
19:20:54.549 [Test worker] INFO  com.TestBase - By.tagName: tdfound
19:20:54.584 [Test worker] INFO  com.TestBase - By.name: selected[]found
19:20:54.673 [Test worker] INFO  com.TestBase - By.tagName: tdfound
19:20:54.697 [Test worker] INFO  com.TestBase - By.name: selected[]found
19:20:54.778 [Test worker] INFO  com.TestBase - By.tagName: tdfound
19:20:54.810 [Test worker] INFO  com.TestBase - By.name: selected[]found
19:20:54.911 [Test worker] INFO  com.TestBase - By.tagName: tdfound
19:20:54.937 [Test worker] INFO  com.TestBase - By.name: selected[]found
19:20:55.046 [Test worker] INFO  com.TestBase - By.tagName: tdfound
19:20:55.082 [Test worker] INFO  com.TestBase - By.name: selected[]found
19:20:55.192 [Test worker] INFO  com.TestBase - By.tagName: tdfound
19:20:55.222 [Test worker] INFO  com.TestBase - By.name: selected[]found
19:20:55.323 [Test worker] INFO  com.TestBase - By.tagName: tdfound
19:20:55.346 [Test worker] INFO  com.TestBase - By.name: selected[]found
19:20:55.434 [Test worker] INFO  com.TestBase - By.tagName: tdfound
19:20:55.465 [Test worker] INFO  com.TestBase - By.name: selected[]found
19:20:55.574 [Test worker] INFO  com.TestBase - By.tagName: tdfound
19:20:55.598 [Test worker] INFO  com.TestBase - By.name: selected[]found
19:20:55.698 [Test worker] INFO  com.TestBase - By.tagName: tdfound
19:20:55.724 [Test worker] INFO  com.TestBase - By.name: selected[]found
19:20:55.810 [Test worker] INFO  com.TestBase - By.tagName: tdfound
19:20:55.831 [Test worker] INFO  com.TestBase - By.name: selected[]found
19:20:55.916 [Test worker] INFO  com.TestBase - By.tagName: tdfound
19:20:55.938 [Test worker] INFO  com.TestBase - By.name: selected[]found
19:20:56.019 [Test worker] INFO  com.TestBase - By.tagName: tdfound
19:20:56.047 [Test worker] INFO  com.TestBase - By.name: selected[]found
19:20:56.137 [Test worker] INFO  com.TestBase - By.tagName: tdfound
19:20:56.171 [Test worker] INFO  com.TestBase - By.name: selected[]found
19:20:56.247 [Test worker] INFO  com.TestBase - By.tagName: tdfound
19:20:56.273 [Test worker] INFO  com.TestBase - By.name: selected[]found
19:20:56.379 [Test worker] INFO  com.TestBase - By.tagName: tdfound
19:20:56.403 [Test worker] INFO  com.TestBase - By.name: selected[]found
19:20:56.485 [Test worker] INFO  com.TestBase - By.tagName: tdfound
19:20:56.509 [Test worker] INFO  com.TestBase - By.name: selected[]found
19:20:56.616 [Test worker] INFO  com.TestBase - By.tagName: tdfound
19:20:56.640 [Test worker] INFO  com.TestBase - By.name: selected[]found
19:20:56.729 [Test worker] INFO  com.TestBase - By.tagName: tdfound
19:20:56.751 [Test worker] INFO  com.TestBase - By.name: selected[]found
19:20:56.830 [Test worker] INFO  com.TestBase - By.tagName: tdfound
19:20:56.852 [Test worker] INFO  com.TestBase - By.name: selected[]found
19:20:56.932 [Test worker] INFO  com.TestBase - By.xpath: //*[@href='edit.php']found
19:20:57.284 [Test worker] INFO  com.TestBase - By.name: firstnamefound
19:20:57.393 [Test worker] INFO  com.TestBase - By.name: firstnamefound
19:20:57.450 [Test worker] INFO  com.TestBase - By.name: firstnamefound
19:20:57.548 [Test worker] INFO  com.TestBase - By.name: lastnamefound
19:20:57.627 [Test worker] INFO  com.TestBase - By.name: lastnamefound
19:20:57.665 [Test worker] INFO  com.TestBase - By.name: lastnamefound
19:20:57.746 [Test worker] INFO  com.TestBase - By.name: addressfound
19:20:57.827 [Test worker] INFO  com.TestBase - By.name: addressfound
19:20:57.863 [Test worker] INFO  com.TestBase - By.name: addressfound
19:20:57.941 [Test worker] INFO  com.TestBase - By.name: nicknamefound
19:20:58.014 [Test worker] INFO  com.TestBase - By.name: nicknamefound
19:20:58.055 [Test worker] INFO  com.TestBase - By.name: nicknamefound
19:20:58.150 [Test worker] INFO  com.TestBase - By.name: companyfound
19:20:58.225 [Test worker] INFO  com.TestBase - By.name: companyfound
19:20:58.263 [Test worker] INFO  com.TestBase - By.name: companyfound
19:20:58.376 [Test worker] INFO  com.TestBase - By.name: emailfound
19:20:58.455 [Test worker] INFO  com.TestBase - By.name: emailfound
19:20:58.495 [Test worker] INFO  com.TestBase - By.name: emailfound
19:20:58.687 [Test worker] INFO  com.TestBase - By.name: submitfound
19:21:02.046 [Test worker] INFO  com.TestBase - By.name: entryfound
19:21:02.076 [Test worker] INFO  com.TestBase - By.tagName: tdfound
19:21:02.099 [Test worker] INFO  com.TestBase - By.name: selected[]found
19:21:02.174 [Test worker] INFO  com.TestBase - By.tagName: tdfound
19:21:02.197 [Test worker] INFO  com.TestBase - By.name: selected[]found
19:21:02.281 [Test worker] INFO  com.TestBase - By.tagName: tdfound
19:21:02.302 [Test worker] INFO  com.TestBase - By.name: selected[]found
19:21:02.378 [Test worker] INFO  com.TestBase - By.tagName: tdfound
19:21:02.399 [Test worker] INFO  com.TestBase - By.name: selected[]found
19:21:02.474 [Test worker] INFO  com.TestBase - By.tagName: tdfound
19:21:02.498 [Test worker] INFO  com.TestBase - By.name: selected[]found
19:21:02.580 [Test worker] INFO  com.TestBase - By.tagName: tdfound
19:21:02.603 [Test worker] INFO  com.TestBase - By.name: selected[]found
19:21:02.681 [Test worker] INFO  com.TestBase - By.tagName: tdfound
19:21:02.707 [Test worker] INFO  com.TestBase - By.name: selected[]found
19:21:02.810 [Test worker] INFO  com.TestBase - By.tagName: tdfound
19:21:02.832 [Test worker] INFO  com.TestBase - By.name: selected[]found
19:21:02.911 [Test worker] INFO  com.TestBase - By.tagName: tdfound
19:21:02.934 [Test worker] INFO  com.TestBase - By.name: selected[]found
19:21:03.012 [Test worker] INFO  com.TestBase - By.tagName: tdfound
19:21:03.036 [Test worker] INFO  com.TestBase - By.name: selected[]found
19:21:03.117 [Test worker] INFO  com.TestBase - By.tagName: tdfound
19:21:03.138 [Test worker] INFO  com.TestBase - By.name: selected[]found
19:21:03.214 [Test worker] INFO  com.TestBase - By.tagName: tdfound
19:21:03.235 [Test worker] INFO  com.TestBase - By.name: selected[]found
19:21:03.335 [Test worker] INFO  com.TestBase - By.tagName: tdfound
19:21:03.359 [Test worker] INFO  com.TestBase - By.name: selected[]found
19:21:03.446 [Test worker] INFO  com.TestBase - By.tagName: tdfound
19:21:03.468 [Test worker] INFO  com.TestBase - By.name: selected[]found
19:21:03.540 [Test worker] INFO  com.TestBase - By.tagName: tdfound
19:21:03.562 [Test worker] INFO  com.TestBase - By.name: selected[]found
19:21:03.644 [Test worker] INFO  com.TestBase - By.tagName: tdfound
19:21:03.665 [Test worker] INFO  com.TestBase - By.name: selected[]found
19:21:03.748 [Test worker] INFO  com.TestBase - By.tagName: tdfound
19:21:03.777 [Test worker] INFO  com.TestBase - By.name: selected[]found
19:21:03.854 [Test worker] INFO  com.TestBase - By.tagName: tdfound
19:21:03.874 [Test worker] INFO  com.TestBase - By.name: selected[]found
19:21:03.950 [Test worker] INFO  com.TestBase - By.tagName: tdfound
19:21:03.973 [Test worker] INFO  com.TestBase - By.name: selected[]found
19:21:04.072 [Test worker] INFO  com.TestBase - By.tagName: tdfound
19:21:04.099 [Test worker] INFO  com.TestBase - By.name: selected[]found
19:21:04.180 [Test worker] INFO  com.TestBase - By.tagName: tdfound
19:21:04.203 [Test worker] INFO  com.TestBase - By.name: selected[]found
19:21:04.281 [Test worker] INFO  com.TestBase - By.tagName: tdfound
19:21:04.303 [Test worker] INFO  com.TestBase - By.name: selected[]found
19:21:04.380 [Test worker] INFO  com.TestBase - By.tagName: tdfound
19:21:04.401 [Test worker] INFO  com.TestBase - By.name: selected[]found
19:21:04.477 [Test worker] INFO  com.TestBase - By.tagName: tdfound
19:21:04.498 [Test worker] INFO  com.TestBase - By.name: selected[]found
19:21:04.576 [Test worker] INFO  com.TestBase - By.tagName: tdfound
19:21:04.599 [Test worker] INFO  com.TestBase - By.name: selected[]found
19:21:04.687 [Test worker] INFO  com.TestBase - By.linkText: homefound
19:21:04.940 [Test worker] INFO  com.TestBase - Stop testtestContactCreation
19:21:04.943 [Test worker] INFO  com.TestBase - Start test testContactModification
19:21:04.971 [Test worker] INFO  com.TestBase - By.name: selected[]found
19:21:04.999 [Test worker] INFO  com.TestBase - By.name: selected[]found
19:21:05.011 [Test worker] INFO  com.TestBase - By.name: selected[]found
19:21:05.130 [Test worker] INFO  com.TestBase - By.xpath: //*[@alt='Edit'][1]found
19:21:05.349 [Test worker] INFO  com.TestBase - By.name: firstnamefound
19:21:05.473 [Test worker] INFO  com.TestBase - By.name: firstnamefound
19:21:05.515 [Test worker] INFO  com.TestBase - By.name: firstnamefound
19:21:05.598 [Test worker] INFO  com.TestBase - By.name: lastnamefound
19:21:05.673 [Test worker] INFO  com.TestBase - By.name: lastnamefound
19:21:05.715 [Test worker] INFO  com.TestBase - By.name: lastnamefound
19:21:05.815 [Test worker] INFO  com.TestBase - By.name: addressfound
19:21:05.888 [Test worker] INFO  com.TestBase - By.name: addressfound
19:21:05.928 [Test worker] INFO  com.TestBase - By.name: addressfound
19:21:06.008 [Test worker] INFO  com.TestBase - By.name: nicknamefound
19:21:06.083 [Test worker] INFO  com.TestBase - By.name: nicknamefound
19:21:06.122 [Test worker] INFO  com.TestBase - By.name: nicknamefound
19:21:06.249 [Test worker] INFO  com.TestBase - By.name: companyfound
19:21:06.335 [Test worker] INFO  com.TestBase - By.name: companyfound
19:21:06.375 [Test worker] INFO  com.TestBase - By.name: companyfound
19:21:06.467 [Test worker] INFO  com.TestBase - By.name: emailfound
19:21:06.549 [Test worker] INFO  com.TestBase - By.name: emailfound
19:21:06.588 [Test worker] INFO  com.TestBase - By.name: emailfound
19:21:06.782 [Test worker] INFO  com.TestBase - By.name: updatefound
19:21:06.935 [Test worker] INFO  com.TestBase - By.linkText: homefound
19:21:07.187 [Test worker] INFO  com.TestBase - By.name: selected[]found
19:21:07.189 [Test worker] INFO  com.TestBase - Stop testtestContactModification
19:21:07.192 [Test worker] INFO  com.TestBase - Start test contactDeletionTest
19:21:07.208 [Test worker] INFO  com.TestBase - By.name: selected[]found
19:21:07.222 [Test worker] INFO  com.TestBase - By.name: selected[]found
19:21:07.234 [Test worker] INFO  com.TestBase - By.name: selected[]found
19:21:07.320 [Test worker] INFO  com.TestBase - By.xpath: //*[@value='Delete']found
19:21:10.736 [Test worker] INFO  com.TestBase - By.name: selected[]found
19:21:10.739 [Test worker] INFO  com.TestBase - Stop testcontactDeletionTest
19:21:10.741 [Test worker] INFO  com.TestBase - Start test loginTest
19:21:10.773 [Test worker] INFO  com.TestBase - By.xpath: //a[contains(text(),'Logout')]found
19:21:10.975 [Test worker] INFO  com.TestBase - By.name: userfound
19:21:11.044 [Test worker] INFO  com.TestBase - By.name: userfound
19:21:11.084 [Test worker] INFO  com.TestBase - By.name: userfound
19:21:11.158 [Test worker] INFO  com.TestBase - By.name: passfound
19:21:11.230 [Test worker] INFO  com.TestBase - By.name: passfound
19:21:11.275 [Test worker] INFO  com.TestBase - By.name: passfound
19:21:11.360 [Test worker] INFO  com.TestBase - By.cssSelector: [value='Login']found
19:21:11.610 [Test worker] INFO  com.TestBase - By.xpath: //a[contains(text(),'Logout')]found
19:21:11.641 [Test worker] INFO  com.TestBase - By.linkText: Logoutfound
19:21:11.642 [Test worker] INFO  com.TestBase - Stop testloginTest
19:21:11.643 [Test worker] INFO  com.TestBase - Start test negativeLoginTest
19:21:11.654 [Test worker] INFO  com.TestBase - By.xpath: //a[contains(text(),'Logout')]found
19:21:11.816 [Test worker] INFO  com.TestBase - By.name: userfound
19:21:11.894 [Test worker] INFO  com.TestBase - By.name: userfound
19:21:11.932 [Test worker] INFO  com.TestBase - By.name: userfound
19:21:11.995 [Test worker] INFO  com.TestBase - By.name: passfound
19:21:12.065 [Test worker] INFO  com.TestBase - By.name: passfound
19:21:12.104 [Test worker] INFO  com.TestBase - By.name: passfound
19:21:12.164 [Test worker] INFO  com.TestBase - By.cssSelector: [value='Login']found
19:21:17.648 [Test worker] ERROR com.TestBase - ERROR!!!screen-1535214077648.pngorg.openqa.selenium.NoSuchElementException: no such element: Unable to locate element: {"method":"xpath","selector":"//a[contains(text(),'Logout')]"}
  (Session info: chrome=68.0.3440.106)
  (Driver info: chromedriver=2.40.565498 (ea082db3280dd6843ebfb08a625e3eb905c4f5ab),platform=Windows NT 10.0.17134 x86_64) (WARNING: The server did not provide any stacktrace information)
Command duration or timeout: 0 milliseconds
For documentation on this error, please visit: http://seleniumhq.org/exceptions/no_such_element.html
Build info: version: '3.14.0', revision: 'aacccce0', time: '2018-08-02T20:19:58.91Z'
System info: host: 'DESKTOP-KFEGBU6', ip: '192.168.1.14', os.name: 'Windows 10', os.arch: 'amd64', os.version: '10.0', java.version: '1.8.0_171'
Driver info: org.openqa.selenium.chrome.ChromeDriver
Capabilities {acceptInsecureCerts: false, acceptSslCerts: false, applicationCacheEnabled: false, browserConnectionEnabled: false, browserName: chrome, chrome: {chromedriverVersion: 2.40.565498 (ea082db3280dd6..., userDataDir: C:\Users\vodya\AppData\Loca...}, cssSelectorsEnabled: true, databaseEnabled: false, handlesAlerts: true, hasTouchScreen: false, javascriptEnabled: true, locationContextEnabled: true, mobileEmulationEnabled: false, nativeEvents: true, networkConnectionEnabled: false, pageLoadStrategy: normal, platform: XP, platformName: XP, rotatable: false, setWindowRect: true, takesHeapSnapshot: true, takesScreenshot: true, unexpectedAlertBehaviour: , unhandledPromptBehavior: , version: 68.0.3440.106, webStorageEnabled: true}
Session ID: a4dd1ef2209f5e2dd6395a3befcafc2f
*** Element info: {Using=xpath, value=//a[contains(text(),'Logout')]}
19:21:23.038 [Test worker] ERROR com.TestBase - ERROR!!!screen-1535214083038.pngorg.openqa.selenium.NoSuchElementException: no such element: Unable to locate element: {"method":"link text","selector":"Logout"}
  (Session info: chrome=68.0.3440.106)
  (Driver info: chromedriver=2.40.565498 (ea082db3280dd6843ebfb08a625e3eb905c4f5ab),platform=Windows NT 10.0.17134 x86_64) (WARNING: The server did not provide any stacktrace information)
Command duration or timeout: 0 milliseconds
For documentation on this error, please visit: http://seleniumhq.org/exceptions/no_such_element.html
Build info: version: '3.14.0', revision: 'aacccce0', time: '2018-08-02T20:19:58.91Z'
System info: host: 'DESKTOP-KFEGBU6', ip: '192.168.1.14', os.name: 'Windows 10', os.arch: 'amd64', os.version: '10.0', java.version: '1.8.0_171'
Driver info: org.openqa.selenium.chrome.ChromeDriver
Capabilities {acceptInsecureCerts: false, acceptSslCerts: false, applicationCacheEnabled: false, browserConnectionEnabled: false, browserName: chrome, chrome: {chromedriverVersion: 2.40.565498 (ea082db3280dd6..., userDataDir: C:\Users\vodya\AppData\Loca...}, cssSelectorsEnabled: true, databaseEnabled: false, handlesAlerts: true, hasTouchScreen: false, javascriptEnabled: true, locationContextEnabled: true, mobileEmulationEnabled: false, nativeEvents: true, networkConnectionEnabled: false, pageLoadStrategy: normal, platform: XP, platformName: XP, rotatable: false, setWindowRect: true, takesHeapSnapshot: true, takesScreenshot: true, unexpectedAlertBehaviour: , unhandledPromptBehavior: , version: 68.0.3440.106, webStorageEnabled: true}
Session ID: a4dd1ef2209f5e2dd6395a3befcafc2f
*** Element info: {Using=link text, value=Logout}
19:21:23.054 [Test worker] INFO  com.TestBase - By.name: userfound
19:21:23.132 [Test worker] INFO  com.TestBase - By.name: userfound
19:21:23.169 [Test worker] INFO  com.TestBase - By.name: userfound
19:21:23.233 [Test worker] INFO  com.TestBase - By.name: passfound
19:21:23.308 [Test worker] INFO  com.TestBase - By.name: passfound
19:21:23.347 [Test worker] INFO  com.TestBase - By.name: passfound
19:21:23.412 [Test worker] INFO  com.TestBase - By.cssSelector: [value='Login']found
19:21:23.651 [Test worker] INFO  com.TestBase - Stop testnegativeLoginTest
