20:52:12.459 [main] INFO  com.tran16.tests.TestBase - By.name: userfound
20:52:12.598 [main] INFO  com.tran16.tests.TestBase - By.name: userfound
20:52:12.650 [main] INFO  com.tran16.tests.TestBase - By.name: userfound
20:52:12.739 [main] INFO  com.tran16.tests.TestBase - By.name: passfound
20:52:12.834 [main] INFO  com.tran16.tests.TestBase - By.name: passfound
20:52:12.877 [main] INFO  com.tran16.tests.TestBase - By.name: passfound
20:52:12.963 [main] INFO  com.tran16.tests.TestBase - By.cssSelector: [value='Login']found
20:52:13.500 [main] INFO  com.tran16.tests.TestBase - Start test testGroupModification
20:52:18.991 [main] ERROR com.tran16.tests.TestBase - ERROR!!!screen-1535305938991.pngorg.openqa.selenium.NoSuchElementException: no such element: Unable to locate element: {"method":"xpath","selector":"//h1[contains(text(),'Groups')]"}
  (Session info: chrome=68.0.3440.106)
  (Driver info: chromedriver=2.40.565498 (ea082db3280dd6843ebfb08a625e3eb905c4f5ab),platform=Windows NT 10.0.17134 x86_64) (WARNING: The server did not provide any stacktrace information)
Command duration or timeout: 0 milliseconds
For documentation on this error, please visit: http://seleniumhq.org/exceptions/no_such_element.html
Build info: version: '3.14.0', revision: 'aacccce0', time: '2018-08-02T20:19:58.91Z'
System info: host: 'DESKTOP-KFEGBU6', ip: '192.168.1.14', os.name: 'Windows 10', os.arch: 'amd64', os.version: '10.0', java.version: '1.8.0_171'
Driver info: org.openqa.selenium.chrome.ChromeDriver
Capabilities {acceptInsecureCerts: false, acceptSslCerts: false, applicationCacheEnabled: false, browserConnectionEnabled: false, browserName: chrome, chrome: {chromedriverVersion: 2.40.565498 (ea082db3280dd6..., userDataDir: C:\Users\vodya\AppData\Loca...}, cssSelectorsEnabled: true, databaseEnabled: false, handlesAlerts: true, hasTouchScreen: false, javascriptEnabled: true, locationContextEnabled: true, mobileEmulationEnabled: false, nativeEvents: true, networkConnectionEnabled: false, pageLoadStrategy: normal, platform: XP, platformName: XP, rotatable: false, setWindowRect: true, takesHeapSnapshot: true, takesScreenshot: true, unexpectedAlertBehaviour: , unhandledPromptBehavior: , version: 68.0.3440.106, webStorageEnabled: true}
Session ID: 248dc44977e271b6583f7e9d345cc32a
*** Element info: {Using=xpath, value=//h1[contains(text(),'Groups')]}
20:52:24.350 [main] ERROR com.tran16.tests.TestBase - ERROR!!!screen-1535305944350.pngorg.openqa.selenium.NoSuchElementException: no such element: Unable to locate element: {"method":"name","selector":"new"}
  (Session info: chrome=68.0.3440.106)
  (Driver info: chromedriver=2.40.565498 (ea082db3280dd6843ebfb08a625e3eb905c4f5ab),platform=Windows NT 10.0.17134 x86_64) (WARNING: The server did not provide any stacktrace information)
Command duration or timeout: 0 milliseconds
For documentation on this error, please visit: http://seleniumhq.org/exceptions/no_such_element.html
Build info: version: '3.14.0', revision: 'aacccce0', time: '2018-08-02T20:19:58.91Z'
System info: host: 'DESKTOP-KFEGBU6', ip: '192.168.1.14', os.name: 'Windows 10', os.arch: 'amd64', os.version: '10.0', java.version: '1.8.0_171'
Driver info: org.openqa.selenium.chrome.ChromeDriver
Capabilities {acceptInsecureCerts: false, acceptSslCerts: false, applicationCacheEnabled: false, browserConnectionEnabled: false, browserName: chrome, chrome: {chromedriverVersion: 2.40.565498 (ea082db3280dd6..., userDataDir: C:\Users\vodya\AppData\Loca...}, cssSelectorsEnabled: true, databaseEnabled: false, handlesAlerts: true, hasTouchScreen: false, javascriptEnabled: true, locationContextEnabled: true, mobileEmulationEnabled: false, nativeEvents: true, networkConnectionEnabled: false, pageLoadStrategy: normal, platform: XP, platformName: XP, rotatable: false, setWindowRect: true, takesHeapSnapshot: true, takesScreenshot: true, unexpectedAlertBehaviour: , unhandledPromptBehavior: , version: 68.0.3440.106, webStorageEnabled: true}
Session ID: 248dc44977e271b6583f7e9d345cc32a
*** Element info: {Using=name, value=new}
20:52:24.397 [main] INFO  com.tran16.tests.TestBase - By.cssSelector: [href='group.php']found
20:52:24.740 [main] INFO  com.tran16.tests.TestBase - By.name: selected[]found
20:52:24.790 [main] INFO  com.tran16.tests.TestBase - By.cssSelector: span.groupfound
20:52:24.888 [main] INFO  com.tran16.tests.TestBase - By.tagName: inputfound
20:52:25.068 [main] INFO  com.tran16.tests.TestBase - By.tagName: inputfound
20:52:25.146 [main] INFO  com.tran16.tests.TestBase - By.tagName: inputfound
20:52:25.180 [main] INFO  com.tran16.tests.TestBase - By.name: selected[]found
20:52:25.319 [main] INFO  com.tran16.tests.TestBase - By.xpath: //*[@name='edit'][1]found
20:52:25.518 [main] INFO  com.tran16.tests.TestBase - By.name: group_namefound
20:52:25.636 [main] INFO  com.tran16.tests.TestBase - By.name: group_namefound
20:52:25.683 [main] INFO  com.tran16.tests.TestBase - By.name: group_namefound
20:52:25.827 [main] INFO  com.tran16.tests.TestBase - By.name: group_headerfound
20:52:25.905 [main] INFO  com.tran16.tests.TestBase - By.name: group_headerfound
20:52:25.955 [main] INFO  com.tran16.tests.TestBase - By.name: group_headerfound
20:52:26.108 [main] INFO  com.tran16.tests.TestBase - By.name: group_footerfound
20:52:26.186 [main] INFO  com.tran16.tests.TestBase - By.name: group_footerfound
20:52:26.231 [main] INFO  com.tran16.tests.TestBase - By.name: group_footerfound
20:52:26.379 [main] INFO  com.tran16.tests.TestBase - By.name: updatefound
20:52:26.627 [main] INFO  com.tran16.tests.TestBase - By.linkText: group pagefound
20:52:28.823 [main] INFO  com.tran16.tests.TestBase - By.cssSelector: span.groupfound
20:52:28.895 [main] INFO  com.tran16.tests.TestBase - By.tagName: inputfound
20:52:28.969 [main] INFO  com.tran16.tests.TestBase - By.tagName: inputfound
20:52:29.043 [main] INFO  com.tran16.tests.TestBase - By.tagName: inputfound
20:52:29.060 [main] INFO  com.tran16.tests.TestBase - Stop testtestGroupModification
