20:12:02.354 [main] INFO  com.tran16.tests.TestBase - By.name: userfound
20:12:02.477 [main] INFO  com.tran16.tests.TestBase - By.name: userfound
20:12:02.548 [main] INFO  com.tran16.tests.TestBase - By.name: userfound
20:12:02.650 [main] INFO  com.tran16.tests.TestBase - By.name: passfound
20:12:02.729 [main] INFO  com.tran16.tests.TestBase - By.name: passfound
20:12:02.778 [main] INFO  com.tran16.tests.TestBase - By.name: passfound
20:12:02.888 [main] INFO  com.tran16.tests.TestBase - By.cssSelector: [value='Login']found
20:12:03.553 [main] INFO  com.tran16.tests.TestBase - Start test testContactCreation
20:12:03.600 [main] INFO  com.tran16.tests.TestBase - By.xpath: //table[@id='maintable']found
20:12:03.638 [main] INFO  com.tran16.tests.TestBase - By.name: entryfound
20:12:03.674 [main] INFO  com.tran16.tests.TestBase - By.tagName: tdfound
20:12:03.702 [main] INFO  com.tran16.tests.TestBase - By.name: selected[]found
20:12:03.819 [main] INFO  com.tran16.tests.TestBase - By.tagName: tdfound
20:12:03.859 [main] INFO  com.tran16.tests.TestBase - By.name: selected[]found
20:12:03.944 [main] INFO  com.tran16.tests.TestBase - By.tagName: tdfound
20:12:03.976 [main] INFO  com.tran16.tests.TestBase - By.name: selected[]found
20:12:04.098 [main] INFO  com.tran16.tests.TestBase - By.tagName: tdfound
20:12:04.135 [main] INFO  com.tran16.tests.TestBase - By.name: selected[]found
20:12:04.227 [main] INFO  com.tran16.tests.TestBase - By.tagName: tdfound
20:12:04.258 [main] INFO  com.tran16.tests.TestBase - By.name: selected[]found
20:12:04.391 [main] INFO  com.tran16.tests.TestBase - By.tagName: tdfound
20:12:04.431 [main] INFO  com.tran16.tests.TestBase - By.name: selected[]found
20:12:04.532 [main] INFO  com.tran16.tests.TestBase - By.tagName: tdfound
20:12:04.558 [main] INFO  com.tran16.tests.TestBase - By.name: selected[]found
20:12:04.658 [main] INFO  com.tran16.tests.TestBase - By.tagName: tdfound
20:12:04.687 [main] INFO  com.tran16.tests.TestBase - By.name: selected[]found
20:12:04.778 [main] INFO  com.tran16.tests.TestBase - By.tagName: tdfound
20:12:04.814 [main] INFO  com.tran16.tests.TestBase - By.name: selected[]found
20:12:04.918 [main] INFO  com.tran16.tests.TestBase - By.tagName: tdfound
20:12:04.950 [main] INFO  com.tran16.tests.TestBase - By.name: selected[]found
20:12:05.050 [main] INFO  com.tran16.tests.TestBase - By.tagName: tdfound
20:12:05.079 [main] INFO  com.tran16.tests.TestBase - By.name: selected[]found
20:12:05.172 [main] INFO  com.tran16.tests.TestBase - By.tagName: tdfound
20:12:05.202 [main] INFO  com.tran16.tests.TestBase - By.name: selected[]found
20:12:05.296 [main] INFO  com.tran16.tests.TestBase - By.tagName: tdfound
20:12:05.329 [main] INFO  com.tran16.tests.TestBase - By.name: selected[]found
20:12:05.419 [main] INFO  com.tran16.tests.TestBase - By.tagName: tdfound
20:12:05.449 [main] INFO  com.tran16.tests.TestBase - By.name: selected[]found
20:12:05.569 [main] INFO  com.tran16.tests.TestBase - By.tagName: tdfound
20:12:05.601 [main] INFO  com.tran16.tests.TestBase - By.name: selected[]found
20:12:05.716 [main] INFO  com.tran16.tests.TestBase - By.tagName: tdfound
20:12:05.756 [main] INFO  com.tran16.tests.TestBase - By.name: selected[]found
20:12:05.878 [main] INFO  com.tran16.tests.TestBase - By.tagName: tdfound
20:12:05.906 [main] INFO  com.tran16.tests.TestBase - By.name: selected[]found
20:12:06.000 [main] INFO  com.tran16.tests.TestBase - By.tagName: tdfound
20:12:06.029 [main] INFO  com.tran16.tests.TestBase - By.name: selected[]found
20:12:06.129 [main] INFO  com.tran16.tests.TestBase - By.tagName: tdfound
20:12:06.167 [main] INFO  com.tran16.tests.TestBase - By.name: selected[]found
20:12:06.286 [main] INFO  com.tran16.tests.TestBase - By.tagName: tdfound
20:12:06.314 [main] INFO  com.tran16.tests.TestBase - By.name: selected[]found
20:12:06.396 [main] INFO  com.tran16.tests.TestBase - By.tagName: tdfound
20:12:06.427 [main] INFO  com.tran16.tests.TestBase - By.name: selected[]found
20:12:06.515 [main] INFO  com.tran16.tests.TestBase - By.tagName: tdfound
20:12:06.554 [main] INFO  com.tran16.tests.TestBase - By.name: selected[]found
20:12:06.646 [main] INFO  com.tran16.tests.TestBase - By.tagName: tdfound
20:12:06.681 [main] INFO  com.tran16.tests.TestBase - By.name: selected[]found
20:12:06.776 [main] INFO  com.tran16.tests.TestBase - By.tagName: tdfound
20:12:06.806 [main] INFO  com.tran16.tests.TestBase - By.name: selected[]found
20:12:06.894 [main] INFO  com.tran16.tests.TestBase - By.xpath: //*[@href='edit.php']found
20:12:07.279 [main] INFO  com.tran16.tests.TestBase - By.name: firstnamefound
20:12:07.393 [main] INFO  com.tran16.tests.TestBase - By.name: firstnamefound
20:12:07.440 [main] INFO  com.tran16.tests.TestBase - By.name: firstnamefound
20:12:07.552 [main] INFO  com.tran16.tests.TestBase - By.name: lastnamefound
20:12:07.632 [main] INFO  com.tran16.tests.TestBase - By.name: lastnamefound
20:12:07.675 [main] INFO  com.tran16.tests.TestBase - By.name: lastnamefound
20:12:07.762 [main] INFO  com.tran16.tests.TestBase - By.name: addressfound
20:12:07.842 [main] INFO  com.tran16.tests.TestBase - By.name: addressfound
20:12:07.894 [main] INFO  com.tran16.tests.TestBase - By.name: addressfound
20:12:07.989 [main] INFO  com.tran16.tests.TestBase - By.name: nicknamefound
20:12:08.069 [main] INFO  com.tran16.tests.TestBase - By.name: nicknamefound
20:12:08.125 [main] INFO  com.tran16.tests.TestBase - By.name: nicknamefound
20:12:08.242 [main] INFO  com.tran16.tests.TestBase - By.name: companyfound
20:12:08.330 [main] INFO  com.tran16.tests.TestBase - By.name: companyfound
20:12:08.377 [main] INFO  com.tran16.tests.TestBase - By.name: companyfound
20:12:08.485 [main] INFO  com.tran16.tests.TestBase - By.name: emailfound
20:12:08.575 [main] INFO  com.tran16.tests.TestBase - By.name: emailfound
20:12:08.643 [main] INFO  com.tran16.tests.TestBase - By.name: emailfound
20:12:08.833 [main] INFO  com.tran16.tests.TestBase - By.name: submitfound
20:12:12.238 [main] INFO  com.tran16.tests.TestBase - By.name: entryfound
20:12:12.266 [main] INFO  com.tran16.tests.TestBase - By.tagName: tdfound
20:12:12.288 [main] INFO  com.tran16.tests.TestBase - By.name: selected[]found
20:12:12.375 [main] INFO  com.tran16.tests.TestBase - By.tagName: tdfound
20:12:12.414 [main] INFO  com.tran16.tests.TestBase - By.name: selected[]found
20:12:12.501 [main] INFO  com.tran16.tests.TestBase - By.tagName: tdfound
20:12:12.531 [main] INFO  com.tran16.tests.TestBase - By.name: selected[]found
20:12:12.623 [main] INFO  com.tran16.tests.TestBase - By.tagName: tdfound
20:12:12.653 [main] INFO  com.tran16.tests.TestBase - By.name: selected[]found
20:12:12.774 [main] INFO  com.tran16.tests.TestBase - By.tagName: tdfound
20:12:12.817 [main] INFO  com.tran16.tests.TestBase - By.name: selected[]found
20:12:12.941 [main] INFO  com.tran16.tests.TestBase - By.tagName: tdfound
20:12:12.993 [main] INFO  com.tran16.tests.TestBase - By.name: selected[]found
20:12:13.144 [main] INFO  com.tran16.tests.TestBase - By.tagName: tdfound
20:12:13.202 [main] INFO  com.tran16.tests.TestBase - By.name: selected[]found
20:12:13.345 [main] INFO  com.tran16.tests.TestBase - By.tagName: tdfound
20:12:13.376 [main] INFO  com.tran16.tests.TestBase - By.name: selected[]found
20:12:13.471 [main] INFO  com.tran16.tests.TestBase - By.tagName: tdfound
20:12:13.501 [main] INFO  com.tran16.tests.TestBase - By.name: selected[]found
20:12:13.592 [main] INFO  com.tran16.tests.TestBase - By.tagName: tdfound
20:12:13.623 [main] INFO  com.tran16.tests.TestBase - By.name: selected[]found
20:12:13.717 [main] INFO  com.tran16.tests.TestBase - By.tagName: tdfound
20:12:13.749 [main] INFO  com.tran16.tests.TestBase - By.name: selected[]found
20:12:13.847 [main] INFO  com.tran16.tests.TestBase - By.tagName: tdfound
20:12:13.877 [main] INFO  com.tran16.tests.TestBase - By.name: selected[]found
20:12:13.971 [main] INFO  com.tran16.tests.TestBase - By.tagName: tdfound
20:12:14.001 [main] INFO  com.tran16.tests.TestBase - By.name: selected[]found
20:12:14.095 [main] INFO  com.tran16.tests.TestBase - By.tagName: tdfound
20:12:14.128 [main] INFO  com.tran16.tests.TestBase - By.name: selected[]found
20:12:14.219 [main] INFO  com.tran16.tests.TestBase - By.tagName: tdfound
20:12:14.253 [main] INFO  com.tran16.tests.TestBase - By.name: selected[]found
20:12:14.351 [main] INFO  com.tran16.tests.TestBase - By.tagName: tdfound
20:12:14.383 [main] INFO  com.tran16.tests.TestBase - By.name: selected[]found
20:12:14.478 [main] INFO  com.tran16.tests.TestBase - By.tagName: tdfound
20:12:14.508 [main] INFO  com.tran16.tests.TestBase - By.name: selected[]found
20:12:14.600 [main] INFO  com.tran16.tests.TestBase - By.tagName: tdfound
20:12:14.629 [main] INFO  com.tran16.tests.TestBase - By.name: selected[]found
20:12:14.706 [main] INFO  com.tran16.tests.TestBase - By.tagName: tdfound
20:12:14.738 [main] INFO  com.tran16.tests.TestBase - By.name: selected[]found
20:12:14.838 [main] INFO  com.tran16.tests.TestBase - By.tagName: tdfound
20:12:14.861 [main] INFO  com.tran16.tests.TestBase - By.name: selected[]found
20:12:14.948 [main] INFO  com.tran16.tests.TestBase - By.tagName: tdfound
20:12:14.976 [main] INFO  com.tran16.tests.TestBase - By.name: selected[]found
20:12:15.069 [main] INFO  com.tran16.tests.TestBase - By.tagName: tdfound
20:12:15.100 [main] INFO  com.tran16.tests.TestBase - By.name: selected[]found
20:12:15.204 [main] INFO  com.tran16.tests.TestBase - By.tagName: tdfound
20:12:15.238 [main] INFO  com.tran16.tests.TestBase - By.name: selected[]found
20:12:15.322 [main] INFO  com.tran16.tests.TestBase - By.tagName: tdfound
20:12:15.356 [main] INFO  com.tran16.tests.TestBase - By.name: selected[]found
20:12:15.451 [main] INFO  com.tran16.tests.TestBase - By.tagName: tdfound
20:12:15.482 [main] INFO  com.tran16.tests.TestBase - By.name: selected[]found
20:12:15.581 [main] INFO  com.tran16.tests.TestBase - By.linkText: homefound
20:12:15.843 [main] INFO  com.tran16.tests.TestBase - Stop testtestContactCreation
20:12:15.845 [main] INFO  com.tran16.tests.TestBase - Start test loginTest
20:12:15.885 [main] INFO  com.tran16.tests.TestBase - By.xpath: //a[contains(text(),'Logout')]found
20:12:16.092 [main] INFO  com.tran16.tests.TestBase - By.name: userfound
20:12:16.167 [main] INFO  com.tran16.tests.TestBase - By.name: userfound
20:12:16.211 [main] INFO  com.tran16.tests.TestBase - By.name: userfound
20:12:16.300 [main] INFO  com.tran16.tests.TestBase - By.name: passfound
20:12:16.375 [main] INFO  com.tran16.tests.TestBase - By.name: passfound
20:12:16.413 [main] INFO  com.tran16.tests.TestBase - By.name: passfound
20:12:16.503 [main] INFO  com.tran16.tests.TestBase - By.cssSelector: [value='Login']found
20:12:16.790 [main] INFO  com.tran16.tests.TestBase - By.xpath: //a[contains(text(),'Logout')]found
20:12:16.818 [main] INFO  com.tran16.tests.TestBase - By.linkText: Logoutfound
20:12:16.818 [main] INFO  com.tran16.tests.TestBase - Stop testloginTest
20:12:16.819 [main] INFO  com.tran16.tests.TestBase - Start test negativeLoginTest
20:12:16.845 [main] INFO  com.tran16.tests.TestBase - By.xpath: //a[contains(text(),'Logout')]found
20:12:17.014 [main] INFO  com.tran16.tests.TestBase - By.name: userfound
20:12:17.113 [main] INFO  com.tran16.tests.TestBase - By.name: userfound
20:12:17.164 [main] INFO  com.tran16.tests.TestBase - By.name: userfound
20:12:17.235 [main] INFO  com.tran16.tests.TestBase - By.name: passfound
20:12:17.316 [main] INFO  com.tran16.tests.TestBase - By.name: passfound
20:12:17.369 [main] INFO  com.tran16.tests.TestBase - By.name: passfound
20:12:17.445 [main] INFO  com.tran16.tests.TestBase - By.cssSelector: [value='Login']found
20:12:22.980 [main] ERROR com.tran16.tests.TestBase - ERROR!!!screen-1535303542980.pngorg.openqa.selenium.NoSuchElementException: no such element: Unable to locate element: {"method":"xpath","selector":"//a[contains(text(),'Logout')]"}
  (Session info: chrome=68.0.3440.106)
  (Driver info: chromedriver=2.40.565498 (ea082db3280dd6843ebfb08a625e3eb905c4f5ab),platform=Windows NT 10.0.17134 x86_64) (WARNING: The server did not provide any stacktrace information)
Command duration or timeout: 0 milliseconds
For documentation on this error, please visit: http://seleniumhq.org/exceptions/no_such_element.html
Build info: version: '3.14.0', revision: 'aacccce0', time: '2018-08-02T20:19:58.91Z'
System info: host: 'DESKTOP-KFEGBU6', ip: '192.168.1.14', os.name: 'Windows 10', os.arch: 'amd64', os.version: '10.0', java.version: '1.8.0_171'
Driver info: org.openqa.selenium.chrome.ChromeDriver
Capabilities {acceptInsecureCerts: false, acceptSslCerts: false, applicationCacheEnabled: false, browserConnectionEnabled: false, browserName: chrome, chrome: {chromedriverVersion: 2.40.565498 (ea082db3280dd6..., userDataDir: C:\Users\vodya\AppData\Loca...}, cssSelectorsEnabled: true, databaseEnabled: false, handlesAlerts: true, hasTouchScreen: false, javascriptEnabled: true, locationContextEnabled: true, mobileEmulationEnabled: false, nativeEvents: true, networkConnectionEnabled: false, pageLoadStrategy: normal, platform: XP, platformName: XP, rotatable: false, setWindowRect: true, takesHeapSnapshot: true, takesScreenshot: true, unexpectedAlertBehaviour: , unhandledPromptBehavior: , version: 68.0.3440.106, webStorageEnabled: true}
Session ID: a954bb580992dd3e983fd8baddefc7f4
*** Element info: {Using=xpath, value=//a[contains(text(),'Logout')]}
20:12:28.342 [main] ERROR com.tran16.tests.TestBase - ERROR!!!screen-1535303548341.pngorg.openqa.selenium.NoSuchElementException: no such element: Unable to locate element: {"method":"link text","selector":"Logout"}
  (Session info: chrome=68.0.3440.106)
  (Driver info: chromedriver=2.40.565498 (ea082db3280dd6843ebfb08a625e3eb905c4f5ab),platform=Windows NT 10.0.17134 x86_64) (WARNING: The server did not provide any stacktrace information)
Command duration or timeout: 0 milliseconds
For documentation on this error, please visit: http://seleniumhq.org/exceptions/no_such_element.html
Build info: version: '3.14.0', revision: 'aacccce0', time: '2018-08-02T20:19:58.91Z'
System info: host: 'DESKTOP-KFEGBU6', ip: '192.168.1.14', os.name: 'Windows 10', os.arch: 'amd64', os.version: '10.0', java.version: '1.8.0_171'
Driver info: org.openqa.selenium.chrome.ChromeDriver
Capabilities {acceptInsecureCerts: false, acceptSslCerts: false, applicationCacheEnabled: false, browserConnectionEnabled: false, browserName: chrome, chrome: {chromedriverVersion: 2.40.565498 (ea082db3280dd6..., userDataDir: C:\Users\vodya\AppData\Loca...}, cssSelectorsEnabled: true, databaseEnabled: false, handlesAlerts: true, hasTouchScreen: false, javascriptEnabled: true, locationContextEnabled: true, mobileEmulationEnabled: false, nativeEvents: true, networkConnectionEnabled: false, pageLoadStrategy: normal, platform: XP, platformName: XP, rotatable: false, setWindowRect: true, takesHeapSnapshot: true, takesScreenshot: true, unexpectedAlertBehaviour: , unhandledPromptBehavior: , version: 68.0.3440.106, webStorageEnabled: true}
Session ID: a954bb580992dd3e983fd8baddefc7f4
*** Element info: {Using=link text, value=Logout}
20:12:28.368 [main] INFO  com.tran16.tests.TestBase - By.name: userfound
20:12:28.456 [main] INFO  com.tran16.tests.TestBase - By.name: userfound
20:12:28.507 [main] INFO  com.tran16.tests.TestBase - By.name: userfound
20:12:28.575 [main] INFO  com.tran16.tests.TestBase - By.name: passfound
20:12:28.648 [main] INFO  com.tran16.tests.TestBase - By.name: passfound
20:12:28.686 [main] INFO  com.tran16.tests.TestBase - By.name: passfound
20:12:28.761 [main] INFO  com.tran16.tests.TestBase - By.cssSelector: [value='Login']found
20:12:28.997 [main] INFO  com.tran16.tests.TestBase - Stop testnegativeLoginTest
20:12:29.001 [main] INFO  com.tran16.tests.TestBase - Start test contactDeletionTest
20:12:29.041 [main] INFO  com.tran16.tests.TestBase - By.name: selected[]found
20:12:29.071 [main] INFO  com.tran16.tests.TestBase - By.name: selected[]found
20:12:29.090 [main] INFO  com.tran16.tests.TestBase - By.name: selected[]found
20:12:29.184 [main] INFO  com.tran16.tests.TestBase - By.xpath: //*[@value='Delete']found
20:12:32.591 [main] INFO  com.tran16.tests.TestBase - By.name: selected[]found
20:12:32.592 [main] INFO  com.tran16.tests.TestBase - Stop testcontactDeletionTest
20:12:32.595 [main] INFO  com.tran16.tests.TestBase - Start test testContactModification
20:12:32.616 [main] INFO  com.tran16.tests.TestBase - By.name: selected[]found
20:12:32.631 [main] INFO  com.tran16.tests.TestBase - By.name: selected[]found
20:12:32.650 [main] INFO  com.tran16.tests.TestBase - By.name: selected[]found
20:12:32.743 [main] INFO  com.tran16.tests.TestBase - By.xpath: //*[@alt='Edit'][1]found
20:12:32.924 [main] INFO  com.tran16.tests.TestBase - By.name: firstnamefound
20:12:33.035 [main] INFO  com.tran16.tests.TestBase - By.name: firstnamefound
20:12:33.084 [main] INFO  com.tran16.tests.TestBase - By.name: firstnamefound
20:12:33.166 [main] INFO  com.tran16.tests.TestBase - By.name: lastnamefound
20:12:33.251 [main] INFO  com.tran16.tests.TestBase - By.name: lastnamefound
20:12:33.296 [main] INFO  com.tran16.tests.TestBase - By.name: lastnamefound
20:12:33.395 [main] INFO  com.tran16.tests.TestBase - By.name: addressfound
20:12:33.466 [main] INFO  com.tran16.tests.TestBase - By.name: addressfound
20:12:33.504 [main] INFO  com.tran16.tests.TestBase - By.name: addressfound
20:12:33.577 [main] INFO  com.tran16.tests.TestBase - By.name: nicknamefound
20:12:33.648 [main] INFO  com.tran16.tests.TestBase - By.name: nicknamefound
20:12:33.686 [main] INFO  com.tran16.tests.TestBase - By.name: nicknamefound
20:12:33.802 [main] INFO  com.tran16.tests.TestBase - By.name: companyfound
20:12:33.876 [main] INFO  com.tran16.tests.TestBase - By.name: companyfound
20:12:33.923 [main] INFO  com.tran16.tests.TestBase - By.name: companyfound
20:12:34.031 [main] INFO  com.tran16.tests.TestBase - By.name: emailfound
20:12:34.120 [main] INFO  com.tran16.tests.TestBase - By.name: emailfound
20:12:34.158 [main] INFO  com.tran16.tests.TestBase - By.name: emailfound
20:12:34.332 [main] INFO  com.tran16.tests.TestBase - By.name: updatefound
20:12:34.501 [main] INFO  com.tran16.tests.TestBase - By.linkText: homefound
20:12:34.769 [main] INFO  com.tran16.tests.TestBase - By.name: selected[]found
20:12:34.770 [main] INFO  com.tran16.tests.TestBase - Stop testtestContactModification
20:12:34.771 [main] INFO  com.tran16.tests.TestBase - Start test testGetGroupsList
20:12:40.138 [main] ERROR com.tran16.tests.TestBase - ERROR!!!screen-1535303560138.pngorg.openqa.selenium.NoSuchElementException: no such element: Unable to locate element: {"method":"xpath","selector":"//h1[contains(text(),'Groups')]"}
  (Session info: chrome=68.0.3440.106)
  (Driver info: chromedriver=2.40.565498 (ea082db3280dd6843ebfb08a625e3eb905c4f5ab),platform=Windows NT 10.0.17134 x86_64) (WARNING: The server did not provide any stacktrace information)
Command duration or timeout: 0 milliseconds
For documentation on this error, please visit: http://seleniumhq.org/exceptions/no_such_element.html
Build info: version: '3.14.0', revision: 'aacccce0', time: '2018-08-02T20:19:58.91Z'
System info: host: 'DESKTOP-KFEGBU6', ip: '192.168.1.14', os.name: 'Windows 10', os.arch: 'amd64', os.version: '10.0', java.version: '1.8.0_171'
Driver info: org.openqa.selenium.chrome.ChromeDriver
Capabilities {acceptInsecureCerts: false, acceptSslCerts: false, applicationCacheEnabled: false, browserConnectionEnabled: false, browserName: chrome, chrome: {chromedriverVersion: 2.40.565498 (ea082db3280dd6..., userDataDir: C:\Users\vodya\AppData\Loca...}, cssSelectorsEnabled: true, databaseEnabled: false, handlesAlerts: true, hasTouchScreen: false, javascriptEnabled: true, locationContextEnabled: true, mobileEmulationEnabled: false, nativeEvents: true, networkConnectionEnabled: false, pageLoadStrategy: normal, platform: XP, platformName: XP, rotatable: false, setWindowRect: true, takesHeapSnapshot: true, takesScreenshot: true, unexpectedAlertBehaviour: , unhandledPromptBehavior: , version: 68.0.3440.106, webStorageEnabled: true}
Session ID: a954bb580992dd3e983fd8baddefc7f4
*** Element info: {Using=xpath, value=//h1[contains(text(),'Groups')]}
20:12:45.523 [main] ERROR com.tran16.tests.TestBase - ERROR!!!screen-1535303565523.pngorg.openqa.selenium.NoSuchElementException: no such element: Unable to locate element: {"method":"name","selector":"new"}
  (Session info: chrome=68.0.3440.106)
  (Driver info: chromedriver=2.40.565498 (ea082db3280dd6843ebfb08a625e3eb905c4f5ab),platform=Windows NT 10.0.17134 x86_64) (WARNING: The server did not provide any stacktrace information)
Command duration or timeout: 0 milliseconds
For documentation on this error, please visit: http://seleniumhq.org/exceptions/no_such_element.html
Build info: version: '3.14.0', revision: 'aacccce0', time: '2018-08-02T20:19:58.91Z'
System info: host: 'DESKTOP-KFEGBU6', ip: '192.168.1.14', os.name: 'Windows 10', os.arch: 'amd64', os.version: '10.0', java.version: '1.8.0_171'
Driver info: org.openqa.selenium.chrome.ChromeDriver
Capabilities {acceptInsecureCerts: false, acceptSslCerts: false, applicationCacheEnabled: false, browserConnectionEnabled: false, browserName: chrome, chrome: {chromedriverVersion: 2.40.565498 (ea082db3280dd6..., userDataDir: C:\Users\vodya\AppData\Loca...}, cssSelectorsEnabled: true, databaseEnabled: false, handlesAlerts: true, hasTouchScreen: false, javascriptEnabled: true, locationContextEnabled: true, mobileEmulationEnabled: false, nativeEvents: true, networkConnectionEnabled: false, pageLoadStrategy: normal, platform: XP, platformName: XP, rotatable: false, setWindowRect: true, takesHeapSnapshot: true, takesScreenshot: true, unexpectedAlertBehaviour: , unhandledPromptBehavior: , version: 68.0.3440.106, webStorageEnabled: true}
Session ID: a954bb580992dd3e983fd8baddefc7f4
*** Element info: {Using=name, value=new}
20:12:45.551 [main] INFO  com.tran16.tests.TestBase - By.cssSelector: [href='group.php']found
20:12:45.773 [main] INFO  com.tran16.tests.TestBase - By.cssSelector: span.groupfound
20:12:45.822 [main] INFO  com.tran16.tests.TestBase - By.tagName: inputfound
20:12:45.909 [main] INFO  com.tran16.tests.TestBase - By.tagName: inputfound
20:12:45.972 [main] INFO  com.tran16.tests.TestBase - By.tagName: inputfound
20:12:45.984 [main] INFO  com.tran16.tests.TestBase - Stop testtestGetGroupsList
20:12:45.986 [main] INFO  com.tran16.tests.TestBase - Start test testGroupCreation
20:12:46.038 [main] INFO  com.tran16.tests.TestBase - By.xpath: //h1[contains(text(),'Groups')]found
20:12:46.056 [main] INFO  com.tran16.tests.TestBase - By.cssSelector: span.groupfound
20:12:46.099 [main] INFO  com.tran16.tests.TestBase - By.tagName: inputfound
20:12:46.136 [main] INFO  com.tran16.tests.TestBase - By.tagName: inputfound
20:12:46.178 [main] INFO  com.tran16.tests.TestBase - By.tagName: inputfound
20:12:46.216 [main] INFO  com.tran16.tests.TestBase - By.xpath: //*[@name='new'][1]found
20:12:46.381 [main] INFO  com.tran16.tests.TestBase - By.name: group_namefound
20:12:46.455 [main] INFO  com.tran16.tests.TestBase - By.name: group_namefound
20:12:46.492 [main] INFO  com.tran16.tests.TestBase - By.name: group_namefound
20:12:46.604 [main] INFO  com.tran16.tests.TestBase - By.name: group_headerfound
20:12:46.678 [main] INFO  com.tran16.tests.TestBase - By.name: group_headerfound
20:12:46.715 [main] INFO  com.tran16.tests.TestBase - By.name: group_headerfound
20:12:46.824 [main] INFO  com.tran16.tests.TestBase - By.name: group_footerfound
20:12:46.898 [main] INFO  com.tran16.tests.TestBase - By.name: group_footerfound
20:12:46.935 [main] INFO  com.tran16.tests.TestBase - By.name: group_footerfound
20:12:47.047 [main] INFO  com.tran16.tests.TestBase - By.xpath: //*[@value='Enter information']found
20:12:47.204 [main] INFO  com.tran16.tests.TestBase - By.linkText: group pagefound
20:12:49.406 [main] INFO  com.tran16.tests.TestBase - By.cssSelector: span.groupfound
20:12:49.469 [main] INFO  com.tran16.tests.TestBase - By.tagName: inputfound
20:12:49.531 [main] INFO  com.tran16.tests.TestBase - By.tagName: inputfound
20:12:49.592 [main] INFO  com.tran16.tests.TestBase - By.tagName: inputfound
20:12:49.654 [main] INFO  com.tran16.tests.TestBase - By.tagName: inputfound
20:12:49.661 [main] INFO  com.tran16.tests.TestBase - Stop testtestGroupCreation
20:12:49.662 [main] INFO  com.tran16.tests.TestBase - Start test testGroupCreationWithEmptyFields
20:12:49.687 [main] INFO  com.tran16.tests.TestBase - By.xpath: //h1[contains(text(),'Groups')]found
20:12:49.718 [main] INFO  com.tran16.tests.TestBase - By.name: selected[]found
20:12:49.748 [main] INFO  com.tran16.tests.TestBase - By.xpath: //*[@name='new'][1]found
20:12:49.917 [main] INFO  com.tran16.tests.TestBase - By.name: group_namefound
20:12:50.000 [main] INFO  com.tran16.tests.TestBase - By.name: group_namefound
20:12:50.043 [main] INFO  com.tran16.tests.TestBase - By.name: group_namefound
20:12:50.115 [main] INFO  com.tran16.tests.TestBase - By.name: group_headerfound
20:12:50.196 [main] INFO  com.tran16.tests.TestBase - By.name: group_headerfound
20:12:50.244 [main] INFO  com.tran16.tests.TestBase - By.name: group_headerfound
20:12:50.306 [main] INFO  com.tran16.tests.TestBase - By.name: group_footerfound
20:12:50.380 [main] INFO  com.tran16.tests.TestBase - By.name: group_footerfound
20:12:50.427 [main] INFO  com.tran16.tests.TestBase - By.name: group_footerfound
20:12:50.478 [main] INFO  com.tran16.tests.TestBase - By.xpath: //*[@value='Enter information']found
20:12:50.654 [main] INFO  com.tran16.tests.TestBase - By.linkText: group pagefound
20:12:52.806 [main] INFO  com.tran16.tests.TestBase - By.name: selected[]found
20:12:52.807 [main] INFO  com.tran16.tests.TestBase - Stop testtestGroupCreationWithEmptyFields
20:12:52.808 [main] INFO  com.tran16.tests.TestBase - Start test testGroupCreationWithLongName
20:12:52.834 [main] INFO  com.tran16.tests.TestBase - By.xpath: //h1[contains(text(),'Groups')]found
20:12:52.855 [main] INFO  com.tran16.tests.TestBase - By.name: selected[]found
20:12:52.881 [main] INFO  com.tran16.tests.TestBase - By.xpath: //*[@name='new'][1]found
20:12:53.033 [main] INFO  com.tran16.tests.TestBase - By.name: group_namefound
20:12:53.118 [main] INFO  com.tran16.tests.TestBase - By.name: group_namefound
20:12:53.167 [main] INFO  com.tran16.tests.TestBase - By.name: group_namefound
20:12:53.385 [main] INFO  com.tran16.tests.TestBase - By.name: group_headerfound
20:12:53.455 [main] INFO  com.tran16.tests.TestBase - By.name: group_headerfound
20:12:53.492 [main] INFO  com.tran16.tests.TestBase - By.name: group_headerfound
20:12:53.586 [main] INFO  com.tran16.tests.TestBase - By.name: group_footerfound
20:12:53.658 [main] INFO  com.tran16.tests.TestBase - By.name: group_footerfound
20:12:53.703 [main] INFO  com.tran16.tests.TestBase - By.name: group_footerfound
20:12:53.802 [main] INFO  com.tran16.tests.TestBase - By.xpath: //*[@value='Enter information']found
20:12:53.961 [main] INFO  com.tran16.tests.TestBase - By.linkText: group pagefound
20:12:56.143 [main] INFO  com.tran16.tests.TestBase - By.name: selected[]found
20:12:56.145 [main] INFO  com.tran16.tests.TestBase - Stop testtestGroupCreationWithLongName
20:12:56.149 [main] INFO  com.tran16.tests.TestBase - Start test deletionFirstGroupTest
20:12:56.173 [main] INFO  com.tran16.tests.TestBase - By.xpath: //h1[contains(text(),'Groups')]found
20:12:56.215 [main] INFO  com.tran16.tests.TestBase - By.name: selected[]found
20:12:56.245 [main] INFO  com.tran16.tests.TestBase - By.cssSelector: span.groupfound
20:12:56.299 [main] INFO  com.tran16.tests.TestBase - By.tagName: inputfound
20:12:56.362 [main] INFO  com.tran16.tests.TestBase - By.tagName: inputfound
20:12:56.423 [main] INFO  com.tran16.tests.TestBase - By.tagName: inputfound
20:12:56.473 [main] INFO  com.tran16.tests.TestBase - By.tagName: inputfound
20:12:56.532 [main] INFO  com.tran16.tests.TestBase - By.tagName: inputfound
20:12:56.593 [main] INFO  com.tran16.tests.TestBase - By.tagName: inputfound
20:12:56.616 [main] INFO  com.tran16.tests.TestBase - By.name: selected[]found
20:12:56.702 [main] INFO  com.tran16.tests.TestBase - By.name: deletefound
20:12:56.850 [main] INFO  com.tran16.tests.TestBase - By.linkText: group pagefound
20:12:59.033 [main] INFO  com.tran16.tests.TestBase - By.cssSelector: span.groupfound
20:12:59.127 [main] INFO  com.tran16.tests.TestBase - By.tagName: inputfound
20:12:59.194 [main] INFO  com.tran16.tests.TestBase - By.tagName: inputfound
20:12:59.258 [main] INFO  com.tran16.tests.TestBase - By.tagName: inputfound
20:12:59.319 [main] INFO  com.tran16.tests.TestBase - By.tagName: inputfound
20:12:59.380 [main] INFO  com.tran16.tests.TestBase - By.tagName: inputfound
20:12:59.388 [main] INFO  com.tran16.tests.TestBase - Stop testdeletionFirstGroupTest
20:12:59.388 [main] INFO  com.tran16.tests.TestBase - Start test deletionGroupTest2
20:12:59.405 [main] INFO  com.tran16.tests.TestBase - By.xpath: //h1[contains(text(),'Groups')]found
20:12:59.418 [main] INFO  com.tran16.tests.TestBase - By.name: selected[]found
20:12:59.434 [main] INFO  com.tran16.tests.TestBase - By.name: selected[]found
20:12:59.449 [main] INFO  com.tran16.tests.TestBase - By.name: selected[]found
20:12:59.522 [main] INFO  com.tran16.tests.TestBase - By.name: deletefound
20:12:59.673 [main] INFO  com.tran16.tests.TestBase - By.linkText: group pagefound
20:13:01.844 [main] INFO  com.tran16.tests.TestBase - By.name: selected[]found
20:13:01.845 [main] INFO  com.tran16.tests.TestBase - Stop testdeletionGroupTest2
20:13:01.847 [main] INFO  com.tran16.tests.TestBase - Start test deletionLastGroupTest
20:13:01.887 [main] INFO  com.tran16.tests.TestBase - By.xpath: //h1[contains(text(),'Groups')]found
20:13:01.915 [main] INFO  com.tran16.tests.TestBase - By.name: selected[]found
20:13:01.947 [main] INFO  com.tran16.tests.TestBase - By.cssSelector: span.groupfound
20:13:02.033 [main] INFO  com.tran16.tests.TestBase - By.tagName: inputfound
20:13:02.099 [main] INFO  com.tran16.tests.TestBase - By.tagName: inputfound
20:13:02.163 [main] INFO  com.tran16.tests.TestBase - By.tagName: inputfound
20:13:02.226 [main] INFO  com.tran16.tests.TestBase - By.tagName: inputfound
20:13:02.248 [main] INFO  com.tran16.tests.TestBase - By.name: selected[]found
20:13:02.324 [main] INFO  com.tran16.tests.TestBase - By.name: deletefound
20:13:02.468 [main] INFO  com.tran16.tests.TestBase - By.linkText: group pagefound
20:13:04.634 [main] INFO  com.tran16.tests.TestBase - By.cssSelector: span.groupfound
20:13:04.721 [main] INFO  com.tran16.tests.TestBase - By.tagName: inputfound
20:13:04.779 [main] INFO  com.tran16.tests.TestBase - By.tagName: inputfound
20:13:04.828 [main] INFO  com.tran16.tests.TestBase - By.tagName: inputfound
20:13:04.836 [main] INFO  com.tran16.tests.TestBase - Stop testdeletionLastGroupTest
20:13:04.837 [main] INFO  com.tran16.tests.TestBase - Start test testGroupModification
20:13:04.864 [main] INFO  com.tran16.tests.TestBase - By.xpath: //h1[contains(text(),'Groups')]found
20:13:04.879 [main] INFO  com.tran16.tests.TestBase - By.name: selected[]found
20:13:04.895 [main] INFO  com.tran16.tests.TestBase - By.cssSelector: span.groupfound
20:13:04.925 [main] INFO  com.tran16.tests.TestBase - By.tagName: inputfound
20:13:04.956 [main] INFO  com.tran16.tests.TestBase - By.tagName: inputfound
20:13:04.987 [main] INFO  com.tran16.tests.TestBase - By.tagName: inputfound
20:13:05.023 [main] INFO  com.tran16.tests.TestBase - By.name: selected[]found
20:13:05.120 [main] INFO  com.tran16.tests.TestBase - By.xpath: //*[@name='edit'][1]found
20:13:05.264 [main] INFO  com.tran16.tests.TestBase - By.name: group_namefound
20:13:05.342 [main] INFO  com.tran16.tests.TestBase - By.name: group_namefound
20:13:05.384 [main] INFO  com.tran16.tests.TestBase - By.name: group_namefound
20:13:05.521 [main] INFO  com.tran16.tests.TestBase - By.name: group_headerfound
20:13:05.592 [main] INFO  com.tran16.tests.TestBase - By.name: group_headerfound
20:13:05.629 [main] INFO  com.tran16.tests.TestBase - By.name: group_headerfound
20:13:05.754 [main] INFO  com.tran16.tests.TestBase - By.name: group_footerfound
20:13:05.826 [main] INFO  com.tran16.tests.TestBase - By.name: group_footerfound
20:13:05.865 [main] INFO  com.tran16.tests.TestBase - By.name: group_footerfound
20:13:05.991 [main] INFO  com.tran16.tests.TestBase - By.name: updatefound
20:13:06.162 [main] INFO  com.tran16.tests.TestBase - By.linkText: group pagefound
20:13:08.334 [main] INFO  com.tran16.tests.TestBase - By.cssSelector: span.groupfound
20:13:08.389 [main] INFO  com.tran16.tests.TestBase - By.tagName: inputfound
20:13:08.450 [main] INFO  com.tran16.tests.TestBase - By.tagName: inputfound
20:13:08.512 [main] INFO  com.tran16.tests.TestBase - By.tagName: inputfound
20:13:08.533 [main] INFO  com.tran16.tests.TestBase - Stop testtestGroupModification
