19:58:27.698 [main] INFO  com.tran16.tests.TestBase - By.name: userfound
19:58:27.837 [main] INFO  com.tran16.tests.TestBase - By.name: userfound
19:58:27.883 [main] INFO  com.tran16.tests.TestBase - By.name: userfound
19:58:27.965 [main] INFO  com.tran16.tests.TestBase - By.name: passfound
19:58:28.043 [main] INFO  com.tran16.tests.TestBase - By.name: passfound
19:58:28.086 [main] INFO  com.tran16.tests.TestBase - By.name: passfound
19:58:28.169 [main] INFO  com.tran16.tests.TestBase - By.cssSelector: [value='Login']found
19:58:28.584 [main] INFO  com.tran16.tests.TestBase - Start test testContactCreation
19:58:28.613 [main] INFO  com.tran16.tests.TestBase - By.xpath: //table[@id='maintable']found
19:58:28.648 [main] INFO  com.tran16.tests.TestBase - By.name: entryfound
19:58:28.677 [main] INFO  com.tran16.tests.TestBase - By.tagName: tdfound
19:58:28.704 [main] INFO  com.tran16.tests.TestBase - By.name: selected[]found
19:58:28.827 [main] INFO  com.tran16.tests.TestBase - By.tagName: tdfound
19:58:28.853 [main] INFO  com.tran16.tests.TestBase - By.name: selected[]found
19:58:28.958 [main] INFO  com.tran16.tests.TestBase - By.tagName: tdfound
19:58:28.988 [main] INFO  com.tran16.tests.TestBase - By.name: selected[]found
19:58:29.073 [main] INFO  com.tran16.tests.TestBase - By.tagName: tdfound
19:58:29.100 [main] INFO  com.tran16.tests.TestBase - By.name: selected[]found
19:58:29.185 [main] INFO  com.tran16.tests.TestBase - By.tagName: tdfound
19:58:29.211 [main] INFO  com.tran16.tests.TestBase - By.name: selected[]found
19:58:29.296 [main] INFO  com.tran16.tests.TestBase - By.tagName: tdfound
19:58:29.322 [main] INFO  com.tran16.tests.TestBase - By.name: selected[]found
19:58:29.408 [main] INFO  com.tran16.tests.TestBase - By.tagName: tdfound
19:58:29.434 [main] INFO  com.tran16.tests.TestBase - By.name: selected[]found
19:58:29.537 [main] INFO  com.tran16.tests.TestBase - By.tagName: tdfound
19:58:29.562 [main] INFO  com.tran16.tests.TestBase - By.name: selected[]found
19:58:29.644 [main] INFO  com.tran16.tests.TestBase - By.tagName: tdfound
19:58:29.667 [main] INFO  com.tran16.tests.TestBase - By.name: selected[]found
19:58:29.763 [main] INFO  com.tran16.tests.TestBase - By.tagName: tdfound
19:58:29.791 [main] INFO  com.tran16.tests.TestBase - By.name: selected[]found
19:58:29.875 [main] INFO  com.tran16.tests.TestBase - By.tagName: tdfound
19:58:29.900 [main] INFO  com.tran16.tests.TestBase - By.name: selected[]found
19:58:29.988 [main] INFO  com.tran16.tests.TestBase - By.tagName: tdfound
19:58:30.015 [main] INFO  com.tran16.tests.TestBase - By.name: selected[]found
19:58:30.104 [main] INFO  com.tran16.tests.TestBase - By.tagName: tdfound
19:58:30.138 [main] INFO  com.tran16.tests.TestBase - By.name: selected[]found
19:58:30.232 [main] INFO  com.tran16.tests.TestBase - By.tagName: tdfound
19:58:30.256 [main] INFO  com.tran16.tests.TestBase - By.name: selected[]found
19:58:30.341 [main] INFO  com.tran16.tests.TestBase - By.tagName: tdfound
19:58:30.364 [main] INFO  com.tran16.tests.TestBase - By.name: selected[]found
19:58:30.453 [main] INFO  com.tran16.tests.TestBase - By.tagName: tdfound
19:58:30.477 [main] INFO  com.tran16.tests.TestBase - By.name: selected[]found
19:58:30.576 [main] INFO  com.tran16.tests.TestBase - By.tagName: tdfound
19:58:30.608 [main] INFO  com.tran16.tests.TestBase - By.name: selected[]found
19:58:30.711 [main] INFO  com.tran16.tests.TestBase - By.tagName: tdfound
19:58:30.737 [main] INFO  com.tran16.tests.TestBase - By.name: selected[]found
19:58:30.840 [main] INFO  com.tran16.tests.TestBase - By.tagName: tdfound
19:58:30.865 [main] INFO  com.tran16.tests.TestBase - By.name: selected[]found
19:58:30.963 [main] INFO  com.tran16.tests.TestBase - By.tagName: tdfound
19:58:30.992 [main] INFO  com.tran16.tests.TestBase - By.name: selected[]found
19:58:31.099 [main] INFO  com.tran16.tests.TestBase - By.tagName: tdfound
19:58:31.125 [main] INFO  com.tran16.tests.TestBase - By.name: selected[]found
19:58:31.216 [main] INFO  com.tran16.tests.TestBase - By.tagName: tdfound
19:58:31.247 [main] INFO  com.tran16.tests.TestBase - By.name: selected[]found
19:58:31.334 [main] INFO  com.tran16.tests.TestBase - By.tagName: tdfound
19:58:31.357 [main] INFO  com.tran16.tests.TestBase - By.name: selected[]found
19:58:31.444 [main] INFO  com.tran16.tests.TestBase - By.tagName: tdfound
19:58:31.469 [main] INFO  com.tran16.tests.TestBase - By.name: selected[]found
19:58:31.554 [main] INFO  com.tran16.tests.TestBase - By.xpath: //*[@href='edit.php']found
19:58:31.948 [main] INFO  com.tran16.tests.TestBase - By.name: firstnamefound
19:58:32.060 [main] INFO  com.tran16.tests.TestBase - By.name: firstnamefound
19:58:32.101 [main] INFO  com.tran16.tests.TestBase - By.name: firstnamefound
19:58:32.206 [main] INFO  com.tran16.tests.TestBase - By.name: lastnamefound
19:58:32.284 [main] INFO  com.tran16.tests.TestBase - By.name: lastnamefound
19:58:32.333 [main] INFO  com.tran16.tests.TestBase - By.name: lastnamefound
19:58:32.433 [main] INFO  com.tran16.tests.TestBase - By.name: addressfound
19:58:32.512 [main] INFO  com.tran16.tests.TestBase - By.name: addressfound
19:58:32.560 [main] INFO  com.tran16.tests.TestBase - By.name: addressfound
19:58:32.652 [main] INFO  com.tran16.tests.TestBase - By.name: nicknamefound
19:58:32.729 [main] INFO  com.tran16.tests.TestBase - By.name: nicknamefound
19:58:32.775 [main] INFO  com.tran16.tests.TestBase - By.name: nicknamefound
19:58:32.869 [main] INFO  com.tran16.tests.TestBase - By.name: companyfound
19:58:32.948 [main] INFO  com.tran16.tests.TestBase - By.name: companyfound
19:58:32.988 [main] INFO  com.tran16.tests.TestBase - By.name: companyfound
19:58:33.095 [main] INFO  com.tran16.tests.TestBase - By.name: emailfound
19:58:33.180 [main] INFO  com.tran16.tests.TestBase - By.name: emailfound
19:58:33.221 [main] INFO  com.tran16.tests.TestBase - By.name: emailfound
19:58:33.414 [main] INFO  com.tran16.tests.TestBase - By.name: submitfound
19:58:36.805 [main] INFO  com.tran16.tests.TestBase - By.name: entryfound
19:58:36.834 [main] INFO  com.tran16.tests.TestBase - By.tagName: tdfound
19:58:36.856 [main] INFO  com.tran16.tests.TestBase - By.name: selected[]found
19:58:36.935 [main] INFO  com.tran16.tests.TestBase - By.tagName: tdfound
19:58:36.974 [main] INFO  com.tran16.tests.TestBase - By.name: selected[]found
19:58:37.054 [main] INFO  com.tran16.tests.TestBase - By.tagName: tdfound
19:58:37.078 [main] INFO  com.tran16.tests.TestBase - By.name: selected[]found
19:58:37.159 [main] INFO  com.tran16.tests.TestBase - By.tagName: tdfound
19:58:37.183 [main] INFO  com.tran16.tests.TestBase - By.name: selected[]found
19:58:37.264 [main] INFO  com.tran16.tests.TestBase - By.tagName: tdfound
19:58:37.293 [main] INFO  com.tran16.tests.TestBase - By.name: selected[]found
19:58:37.375 [main] INFO  com.tran16.tests.TestBase - By.tagName: tdfound
19:58:37.397 [main] INFO  com.tran16.tests.TestBase - By.name: selected[]found
19:58:37.499 [main] INFO  com.tran16.tests.TestBase - By.tagName: tdfound
19:58:37.525 [main] INFO  com.tran16.tests.TestBase - By.name: selected[]found
19:58:37.605 [main] INFO  com.tran16.tests.TestBase - By.tagName: tdfound
19:58:37.628 [main] INFO  com.tran16.tests.TestBase - By.name: selected[]found
19:58:37.707 [main] INFO  com.tran16.tests.TestBase - By.tagName: tdfound
19:58:37.729 [main] INFO  com.tran16.tests.TestBase - By.name: selected[]found
19:58:37.822 [main] INFO  com.tran16.tests.TestBase - By.tagName: tdfound
19:58:37.852 [main] INFO  com.tran16.tests.TestBase - By.name: selected[]found
19:58:37.929 [main] INFO  com.tran16.tests.TestBase - By.tagName: tdfound
19:58:37.953 [main] INFO  com.tran16.tests.TestBase - By.name: selected[]found
19:58:38.034 [main] INFO  com.tran16.tests.TestBase - By.tagName: tdfound
19:58:38.058 [main] INFO  com.tran16.tests.TestBase - By.name: selected[]found
19:58:38.139 [main] INFO  com.tran16.tests.TestBase - By.tagName: tdfound
19:58:38.162 [main] INFO  com.tran16.tests.TestBase - By.name: selected[]found
19:58:38.239 [main] INFO  com.tran16.tests.TestBase - By.tagName: tdfound
19:58:38.262 [main] INFO  com.tran16.tests.TestBase - By.name: selected[]found
19:58:38.361 [main] INFO  com.tran16.tests.TestBase - By.tagName: tdfound
19:58:38.384 [main] INFO  com.tran16.tests.TestBase - By.name: selected[]found
19:58:38.469 [main] INFO  com.tran16.tests.TestBase - By.tagName: tdfound
19:58:38.493 [main] INFO  com.tran16.tests.TestBase - By.name: selected[]found
19:58:38.584 [main] INFO  com.tran16.tests.TestBase - By.tagName: tdfound
19:58:38.614 [main] INFO  com.tran16.tests.TestBase - By.name: selected[]found
19:58:38.693 [main] INFO  com.tran16.tests.TestBase - By.tagName: tdfound
19:58:38.715 [main] INFO  com.tran16.tests.TestBase - By.name: selected[]found
19:58:38.803 [main] INFO  com.tran16.tests.TestBase - By.tagName: tdfound
19:58:38.830 [main] INFO  com.tran16.tests.TestBase - By.name: selected[]found
19:58:38.916 [main] INFO  com.tran16.tests.TestBase - By.tagName: tdfound
19:58:38.938 [main] INFO  com.tran16.tests.TestBase - By.name: selected[]found
19:58:39.022 [main] INFO  com.tran16.tests.TestBase - By.tagName: tdfound
19:58:39.046 [main] INFO  com.tran16.tests.TestBase - By.name: selected[]found
19:58:39.128 [main] INFO  com.tran16.tests.TestBase - By.tagName: tdfound
19:58:39.149 [main] INFO  com.tran16.tests.TestBase - By.name: selected[]found
19:58:39.228 [main] INFO  com.tran16.tests.TestBase - By.tagName: tdfound
19:58:39.250 [main] INFO  com.tran16.tests.TestBase - By.name: selected[]found
19:58:39.331 [main] INFO  com.tran16.tests.TestBase - By.tagName: tdfound
19:58:39.354 [main] INFO  com.tran16.tests.TestBase - By.name: selected[]found
19:58:39.451 [main] INFO  com.tran16.tests.TestBase - By.tagName: tdfound
19:58:39.476 [main] INFO  com.tran16.tests.TestBase - By.name: selected[]found
19:58:39.588 [main] INFO  com.tran16.tests.TestBase - By.linkText: homefound
19:58:39.982 [main] INFO  com.tran16.tests.TestBase - Stop testtestContactCreation
19:58:39.984 [main] INFO  com.tran16.tests.TestBase - Start test loginTest
19:58:40.035 [main] INFO  com.tran16.tests.TestBase - By.xpath: //a[contains(text(),'Logout')]found
19:58:40.258 [main] INFO  com.tran16.tests.TestBase - By.name: userfound
19:58:40.341 [main] INFO  com.tran16.tests.TestBase - By.name: userfound
19:58:40.385 [main] INFO  com.tran16.tests.TestBase - By.name: userfound
19:58:40.481 [main] INFO  com.tran16.tests.TestBase - By.name: passfound
19:58:40.565 [main] INFO  com.tran16.tests.TestBase - By.name: passfound
19:58:40.604 [main] INFO  com.tran16.tests.TestBase - By.name: passfound
19:58:40.691 [main] INFO  com.tran16.tests.TestBase - By.cssSelector: [value='Login']found
19:58:40.949 [main] INFO  com.tran16.tests.TestBase - By.xpath: //a[contains(text(),'Logout')]found
19:58:40.981 [main] INFO  com.tran16.tests.TestBase - By.linkText: Logoutfound
19:58:40.982 [main] INFO  com.tran16.tests.TestBase - Stop testloginTest
19:58:40.982 [main] INFO  com.tran16.tests.TestBase - Start test negativeLoginTest
19:58:40.994 [main] INFO  com.tran16.tests.TestBase - By.xpath: //a[contains(text(),'Logout')]found
19:58:41.159 [main] INFO  com.tran16.tests.TestBase - By.name: userfound
19:58:41.245 [main] INFO  com.tran16.tests.TestBase - By.name: userfound
19:58:41.284 [main] INFO  com.tran16.tests.TestBase - By.name: userfound
19:58:41.346 [main] INFO  com.tran16.tests.TestBase - By.name: passfound
19:58:41.417 [main] INFO  com.tran16.tests.TestBase - By.name: passfound
19:58:41.456 [main] INFO  com.tran16.tests.TestBase - By.name: passfound
19:58:41.513 [main] INFO  com.tran16.tests.TestBase - By.cssSelector: [value='Login']found
19:58:47.054 [main] ERROR com.tran16.tests.TestBase - ERROR!!!screen-1535216327053.pngorg.openqa.selenium.NoSuchElementException: no such element: Unable to locate element: {"method":"xpath","selector":"//a[contains(text(),'Logout')]"}
  (Session info: chrome=68.0.3440.106)
  (Driver info: chromedriver=2.40.565498 (ea082db3280dd6843ebfb08a625e3eb905c4f5ab),platform=Windows NT 10.0.17134 x86_64) (WARNING: The server did not provide any stacktrace information)
Command duration or timeout: 0 milliseconds
For documentation on this error, please visit: http://seleniumhq.org/exceptions/no_such_element.html
Build info: version: '3.14.0', revision: 'aacccce0', time: '2018-08-02T20:19:58.91Z'
System info: host: 'DESKTOP-KFEGBU6', ip: '192.168.1.14', os.name: 'Windows 10', os.arch: 'amd64', os.version: '10.0', java.version: '1.8.0_171'
Driver info: org.openqa.selenium.chrome.ChromeDriver
Capabilities {acceptInsecureCerts: false, acceptSslCerts: false, applicationCacheEnabled: false, browserConnectionEnabled: false, browserName: chrome, chrome: {chromedriverVersion: 2.40.565498 (ea082db3280dd6..., userDataDir: C:\Users\vodya\AppData\Loca...}, cssSelectorsEnabled: true, databaseEnabled: false, handlesAlerts: true, hasTouchScreen: false, javascriptEnabled: true, locationContextEnabled: true, mobileEmulationEnabled: false, nativeEvents: true, networkConnectionEnabled: false, pageLoadStrategy: normal, platform: XP, platformName: XP, rotatable: false, setWindowRect: true, takesHeapSnapshot: true, takesScreenshot: true, unexpectedAlertBehaviour: , unhandledPromptBehavior: , version: 68.0.3440.106, webStorageEnabled: true}
Session ID: 9fd9381b72f162ed4dd3e97658597689
*** Element info: {Using=xpath, value=//a[contains(text(),'Logout')]}
19:58:52.474 [main] ERROR com.tran16.tests.TestBase - ERROR!!!screen-1535216332474.pngorg.openqa.selenium.NoSuchElementException: no such element: Unable to locate element: {"method":"link text","selector":"Logout"}
  (Session info: chrome=68.0.3440.106)
  (Driver info: chromedriver=2.40.565498 (ea082db3280dd6843ebfb08a625e3eb905c4f5ab),platform=Windows NT 10.0.17134 x86_64) (WARNING: The server did not provide any stacktrace information)
Command duration or timeout: 0 milliseconds
For documentation on this error, please visit: http://seleniumhq.org/exceptions/no_such_element.html
Build info: version: '3.14.0', revision: 'aacccce0', time: '2018-08-02T20:19:58.91Z'
System info: host: 'DESKTOP-KFEGBU6', ip: '192.168.1.14', os.name: 'Windows 10', os.arch: 'amd64', os.version: '10.0', java.version: '1.8.0_171'
Driver info: org.openqa.selenium.chrome.ChromeDriver
Capabilities {acceptInsecureCerts: false, acceptSslCerts: false, applicationCacheEnabled: false, browserConnectionEnabled: false, browserName: chrome, chrome: {chromedriverVersion: 2.40.565498 (ea082db3280dd6..., userDataDir: C:\Users\vodya\AppData\Loca...}, cssSelectorsEnabled: true, databaseEnabled: false, handlesAlerts: true, hasTouchScreen: false, javascriptEnabled: true, locationContextEnabled: true, mobileEmulationEnabled: false, nativeEvents: true, networkConnectionEnabled: false, pageLoadStrategy: normal, platform: XP, platformName: XP, rotatable: false, setWindowRect: true, takesHeapSnapshot: true, takesScreenshot: true, unexpectedAlertBehaviour: , unhandledPromptBehavior: , version: 68.0.3440.106, webStorageEnabled: true}
Session ID: 9fd9381b72f162ed4dd3e97658597689
*** Element info: {Using=link text, value=Logout}
19:58:52.497 [main] INFO  com.tran16.tests.TestBase - By.name: userfound
19:58:52.577 [main] INFO  com.tran16.tests.TestBase - By.name: userfound
19:58:52.613 [main] INFO  com.tran16.tests.TestBase - By.name: userfound
19:58:52.679 [main] INFO  com.tran16.tests.TestBase - By.name: passfound
19:58:52.757 [main] INFO  com.tran16.tests.TestBase - By.name: passfound
19:58:52.798 [main] INFO  com.tran16.tests.TestBase - By.name: passfound
19:58:52.861 [main] INFO  com.tran16.tests.TestBase - By.cssSelector: [value='Login']found
19:58:53.115 [main] INFO  com.tran16.tests.TestBase - Stop testnegativeLoginTest
19:58:53.119 [main] INFO  com.tran16.tests.TestBase - Start test contactDeletionTest
19:58:53.151 [main] INFO  com.tran16.tests.TestBase - By.name: selected[]found
19:58:53.176 [main] INFO  com.tran16.tests.TestBase - By.name: selected[]found
19:58:53.189 [main] INFO  com.tran16.tests.TestBase - By.name: selected[]found
19:58:53.297 [main] INFO  com.tran16.tests.TestBase - By.xpath: //*[@value='Delete']found
19:58:56.700 [main] INFO  com.tran16.tests.TestBase - By.name: selected[]found
19:58:56.702 [main] INFO  com.tran16.tests.TestBase - Stop testcontactDeletionTest
19:58:56.703 [main] INFO  com.tran16.tests.TestBase - Start test testContactModification
19:58:56.717 [main] INFO  com.tran16.tests.TestBase - By.name: selected[]found
19:58:56.731 [main] INFO  com.tran16.tests.TestBase - By.name: selected[]found
19:58:56.743 [main] INFO  com.tran16.tests.TestBase - By.name: selected[]found
19:58:56.851 [main] INFO  com.tran16.tests.TestBase - By.xpath: //*[@alt='Edit'][1]found
19:58:57.048 [main] INFO  com.tran16.tests.TestBase - By.name: firstnamefound
19:58:57.143 [main] INFO  com.tran16.tests.TestBase - By.name: firstnamefound
19:58:57.201 [main] INFO  com.tran16.tests.TestBase - By.name: firstnamefound
19:58:57.284 [main] INFO  com.tran16.tests.TestBase - By.name: lastnamefound
19:58:57.362 [main] INFO  com.tran16.tests.TestBase - By.name: lastnamefound
19:58:57.407 [main] INFO  com.tran16.tests.TestBase - By.name: lastnamefound
19:58:57.499 [main] INFO  com.tran16.tests.TestBase - By.name: addressfound
19:58:57.570 [main] INFO  com.tran16.tests.TestBase - By.name: addressfound
19:58:57.609 [main] INFO  com.tran16.tests.TestBase - By.name: addressfound
19:58:57.691 [main] INFO  com.tran16.tests.TestBase - By.name: nicknamefound
19:58:57.769 [main] INFO  com.tran16.tests.TestBase - By.name: nicknamefound
19:58:57.816 [main] INFO  com.tran16.tests.TestBase - By.name: nicknamefound
19:58:57.933 [main] INFO  com.tran16.tests.TestBase - By.name: companyfound
19:58:58.006 [main] INFO  com.tran16.tests.TestBase - By.name: companyfound
19:58:58.051 [main] INFO  com.tran16.tests.TestBase - By.name: companyfound
19:58:58.167 [main] INFO  com.tran16.tests.TestBase - By.name: emailfound
19:58:58.252 [main] INFO  com.tran16.tests.TestBase - By.name: emailfound
19:58:58.293 [main] INFO  com.tran16.tests.TestBase - By.name: emailfound
19:58:58.484 [main] INFO  com.tran16.tests.TestBase - By.name: updatefound
19:58:58.661 [main] INFO  com.tran16.tests.TestBase - By.linkText: homefound
19:58:58.936 [main] INFO  com.tran16.tests.TestBase - By.name: selected[]found
19:58:58.937 [main] INFO  com.tran16.tests.TestBase - Stop testtestContactModification
19:58:58.938 [main] INFO  com.tran16.tests.TestBase - Start test testGetGroupsList
19:59:04.317 [main] ERROR com.tran16.tests.TestBase - ERROR!!!screen-1535216344317.pngorg.openqa.selenium.NoSuchElementException: no such element: Unable to locate element: {"method":"xpath","selector":"//h1[contains(text(),'Groups')]"}
  (Session info: chrome=68.0.3440.106)
  (Driver info: chromedriver=2.40.565498 (ea082db3280dd6843ebfb08a625e3eb905c4f5ab),platform=Windows NT 10.0.17134 x86_64) (WARNING: The server did not provide any stacktrace information)
Command duration or timeout: 0 milliseconds
For documentation on this error, please visit: http://seleniumhq.org/exceptions/no_such_element.html
Build info: version: '3.14.0', revision: 'aacccce0', time: '2018-08-02T20:19:58.91Z'
System info: host: 'DESKTOP-KFEGBU6', ip: '192.168.1.14', os.name: 'Windows 10', os.arch: 'amd64', os.version: '10.0', java.version: '1.8.0_171'
Driver info: org.openqa.selenium.chrome.ChromeDriver
Capabilities {acceptInsecureCerts: false, acceptSslCerts: false, applicationCacheEnabled: false, browserConnectionEnabled: false, browserName: chrome, chrome: {chromedriverVersion: 2.40.565498 (ea082db3280dd6..., userDataDir: C:\Users\vodya\AppData\Loca...}, cssSelectorsEnabled: true, databaseEnabled: false, handlesAlerts: true, hasTouchScreen: false, javascriptEnabled: true, locationContextEnabled: true, mobileEmulationEnabled: false, nativeEvents: true, networkConnectionEnabled: false, pageLoadStrategy: normal, platform: XP, platformName: XP, rotatable: false, setWindowRect: true, takesHeapSnapshot: true, takesScreenshot: true, unexpectedAlertBehaviour: , unhandledPromptBehavior: , version: 68.0.3440.106, webStorageEnabled: true}
Session ID: 9fd9381b72f162ed4dd3e97658597689
*** Element info: {Using=xpath, value=//h1[contains(text(),'Groups')]}
19:59:09.654 [main] ERROR com.tran16.tests.TestBase - ERROR!!!screen-1535216349654.pngorg.openqa.selenium.NoSuchElementException: no such element: Unable to locate element: {"method":"name","selector":"new"}
  (Session info: chrome=68.0.3440.106)
  (Driver info: chromedriver=2.40.565498 (ea082db3280dd6843ebfb08a625e3eb905c4f5ab),platform=Windows NT 10.0.17134 x86_64) (WARNING: The server did not provide any stacktrace information)
Command duration or timeout: 0 milliseconds
For documentation on this error, please visit: http://seleniumhq.org/exceptions/no_such_element.html
Build info: version: '3.14.0', revision: 'aacccce0', time: '2018-08-02T20:19:58.91Z'
System info: host: 'DESKTOP-KFEGBU6', ip: '192.168.1.14', os.name: 'Windows 10', os.arch: 'amd64', os.version: '10.0', java.version: '1.8.0_171'
Driver info: org.openqa.selenium.chrome.ChromeDriver
Capabilities {acceptInsecureCerts: false, acceptSslCerts: false, applicationCacheEnabled: false, browserConnectionEnabled: false, browserName: chrome, chrome: {chromedriverVersion: 2.40.565498 (ea082db3280dd6..., userDataDir: C:\Users\vodya\AppData\Loca...}, cssSelectorsEnabled: true, databaseEnabled: false, handlesAlerts: true, hasTouchScreen: false, javascriptEnabled: true, locationContextEnabled: true, mobileEmulationEnabled: false, nativeEvents: true, networkConnectionEnabled: false, pageLoadStrategy: normal, platform: XP, platformName: XP, rotatable: false, setWindowRect: true, takesHeapSnapshot: true, takesScreenshot: true, unexpectedAlertBehaviour: , unhandledPromptBehavior: , version: 68.0.3440.106, webStorageEnabled: true}
Session ID: 9fd9381b72f162ed4dd3e97658597689
*** Element info: {Using=name, value=new}
19:59:09.684 [main] INFO  com.tran16.tests.TestBase - By.cssSelector: [href='group.php']found
19:59:09.930 [main] INFO  com.tran16.tests.TestBase - By.cssSelector: span.groupfound
19:59:09.992 [main] INFO  com.tran16.tests.TestBase - By.tagName: inputfound
19:59:10.065 [main] INFO  com.tran16.tests.TestBase - By.tagName: inputfound
19:59:10.143 [main] INFO  com.tran16.tests.TestBase - By.tagName: inputfound
19:59:10.153 [main] INFO  com.tran16.tests.TestBase - Stop testtestGetGroupsList
19:59:10.154 [main] INFO  com.tran16.tests.TestBase - Start test testGroupCreation
19:59:10.182 [main] INFO  com.tran16.tests.TestBase - By.xpath: //h1[contains(text(),'Groups')]found
19:59:10.196 [main] INFO  com.tran16.tests.TestBase - By.cssSelector: span.groupfound
19:59:10.230 [main] INFO  com.tran16.tests.TestBase - By.tagName: inputfound
19:59:10.265 [main] INFO  com.tran16.tests.TestBase - By.tagName: inputfound
19:59:10.307 [main] INFO  com.tran16.tests.TestBase - By.tagName: inputfound
19:59:10.345 [main] INFO  com.tran16.tests.TestBase - By.xpath: //*[@name='new'][1]found
19:59:10.551 [main] INFO  com.tran16.tests.TestBase - By.name: group_namefound
19:59:10.639 [main] INFO  com.tran16.tests.TestBase - By.name: group_namefound
19:59:10.696 [main] INFO  com.tran16.tests.TestBase - By.name: group_namefound
19:59:10.809 [main] INFO  com.tran16.tests.TestBase - By.name: group_headerfound
19:59:10.885 [main] INFO  com.tran16.tests.TestBase - By.name: group_headerfound
19:59:10.923 [main] INFO  com.tran16.tests.TestBase - By.name: group_headerfound
19:59:11.031 [main] INFO  com.tran16.tests.TestBase - By.name: group_footerfound
19:59:11.105 [main] INFO  com.tran16.tests.TestBase - By.name: group_footerfound
19:59:11.143 [main] INFO  com.tran16.tests.TestBase - By.name: group_footerfound
19:59:11.250 [main] INFO  com.tran16.tests.TestBase - By.xpath: //*[@value='Enter information']found
19:59:11.426 [main] INFO  com.tran16.tests.TestBase - By.linkText: group pagefound
19:59:13.571 [main] INFO  com.tran16.tests.TestBase - By.cssSelector: span.groupfound
19:59:13.630 [main] INFO  com.tran16.tests.TestBase - By.tagName: inputfound
19:59:13.682 [main] INFO  com.tran16.tests.TestBase - By.tagName: inputfound
19:59:13.733 [main] INFO  com.tran16.tests.TestBase - By.tagName: inputfound
19:59:13.792 [main] INFO  com.tran16.tests.TestBase - By.tagName: inputfound
19:59:13.800 [main] INFO  com.tran16.tests.TestBase - Stop testtestGroupCreation
19:59:13.801 [main] INFO  com.tran16.tests.TestBase - Start test testGroupCreationWithEmptyFields
19:59:13.814 [main] INFO  com.tran16.tests.TestBase - By.xpath: //h1[contains(text(),'Groups')]found
19:59:13.834 [main] INFO  com.tran16.tests.TestBase - By.name: selected[]found
19:59:13.846 [main] INFO  com.tran16.tests.TestBase - By.xpath: //*[@name='new'][1]found
19:59:14.007 [main] INFO  com.tran16.tests.TestBase - By.name: group_namefound
19:59:14.090 [main] INFO  com.tran16.tests.TestBase - By.name: group_namefound
19:59:14.127 [main] INFO  com.tran16.tests.TestBase - By.name: group_namefound
19:59:14.175 [main] INFO  com.tran16.tests.TestBase - By.name: group_headerfound
19:59:14.246 [main] INFO  com.tran16.tests.TestBase - By.name: group_headerfound
19:59:14.284 [main] INFO  com.tran16.tests.TestBase - By.name: group_headerfound
19:59:14.331 [main] INFO  com.tran16.tests.TestBase - By.name: group_footerfound
19:59:14.408 [main] INFO  com.tran16.tests.TestBase - By.name: group_footerfound
19:59:14.457 [main] INFO  com.tran16.tests.TestBase - By.name: group_footerfound
19:59:14.522 [main] INFO  com.tran16.tests.TestBase - By.xpath: //*[@value='Enter information']found
19:59:14.713 [main] INFO  com.tran16.tests.TestBase - By.linkText: group pagefound
19:59:16.875 [main] INFO  com.tran16.tests.TestBase - By.name: selected[]found
19:59:16.878 [main] INFO  com.tran16.tests.TestBase - Stop testtestGroupCreationWithEmptyFields
19:59:16.880 [main] INFO  com.tran16.tests.TestBase - Start test testGroupCreationWithLongName
19:59:16.899 [main] INFO  com.tran16.tests.TestBase - By.xpath: //h1[contains(text(),'Groups')]found
19:59:16.915 [main] INFO  com.tran16.tests.TestBase - By.name: selected[]found
19:59:16.929 [main] INFO  com.tran16.tests.TestBase - By.xpath: //*[@name='new'][1]found
19:59:17.085 [main] INFO  com.tran16.tests.TestBase - By.name: group_namefound
19:59:17.185 [main] INFO  com.tran16.tests.TestBase - By.name: group_namefound
19:59:17.225 [main] INFO  com.tran16.tests.TestBase - By.name: group_namefound
19:59:17.406 [main] INFO  com.tran16.tests.TestBase - By.name: group_headerfound
19:59:17.493 [main] INFO  com.tran16.tests.TestBase - By.name: group_headerfound
19:59:17.534 [main] INFO  com.tran16.tests.TestBase - By.name: group_headerfound
19:59:17.633 [main] INFO  com.tran16.tests.TestBase - By.name: group_footerfound
19:59:17.713 [main] INFO  com.tran16.tests.TestBase - By.name: group_footerfound
19:59:17.752 [main] INFO  com.tran16.tests.TestBase - By.name: group_footerfound
19:59:17.868 [main] INFO  com.tran16.tests.TestBase - By.xpath: //*[@value='Enter information']found
19:59:18.023 [main] INFO  com.tran16.tests.TestBase - By.linkText: group pagefound
19:59:20.189 [main] INFO  com.tran16.tests.TestBase - By.name: selected[]found
19:59:20.191 [main] INFO  com.tran16.tests.TestBase - Stop testtestGroupCreationWithLongName
19:59:20.194 [main] INFO  com.tran16.tests.TestBase - Start test deletionFirstGroupTest
19:59:20.221 [main] INFO  com.tran16.tests.TestBase - By.xpath: //h1[contains(text(),'Groups')]found
19:59:20.248 [main] INFO  com.tran16.tests.TestBase - By.name: selected[]found
19:59:20.275 [main] INFO  com.tran16.tests.TestBase - By.cssSelector: span.groupfound
19:59:20.321 [main] INFO  com.tran16.tests.TestBase - By.tagName: inputfound
19:59:20.373 [main] INFO  com.tran16.tests.TestBase - By.tagName: inputfound
19:59:20.423 [main] INFO  com.tran16.tests.TestBase - By.tagName: inputfound
19:59:20.475 [main] INFO  com.tran16.tests.TestBase - By.tagName: inputfound
19:59:20.534 [main] INFO  com.tran16.tests.TestBase - By.tagName: inputfound
19:59:20.584 [main] INFO  com.tran16.tests.TestBase - By.tagName: inputfound
19:59:20.603 [main] INFO  com.tran16.tests.TestBase - By.name: selected[]found
19:59:20.684 [main] INFO  com.tran16.tests.TestBase - By.name: deletefound
19:59:20.847 [main] INFO  com.tran16.tests.TestBase - By.linkText: group pagefound
19:59:23.005 [main] INFO  com.tran16.tests.TestBase - By.cssSelector: span.groupfound
19:59:23.071 [main] INFO  com.tran16.tests.TestBase - By.tagName: inputfound
19:59:23.124 [main] INFO  com.tran16.tests.TestBase - By.tagName: inputfound
19:59:23.175 [main] INFO  com.tran16.tests.TestBase - By.tagName: inputfound
19:59:23.228 [main] INFO  com.tran16.tests.TestBase - By.tagName: inputfound
19:59:23.281 [main] INFO  com.tran16.tests.TestBase - By.tagName: inputfound
19:59:23.289 [main] INFO  com.tran16.tests.TestBase - Stop testdeletionFirstGroupTest
19:59:23.290 [main] INFO  com.tran16.tests.TestBase - Start test deletionGroupTest2
19:59:23.304 [main] INFO  com.tran16.tests.TestBase - By.xpath: //h1[contains(text(),'Groups')]found
19:59:23.316 [main] INFO  com.tran16.tests.TestBase - By.name: selected[]found
19:59:23.329 [main] INFO  com.tran16.tests.TestBase - By.name: selected[]found
19:59:23.340 [main] INFO  com.tran16.tests.TestBase - By.name: selected[]found
19:59:23.412 [main] INFO  com.tran16.tests.TestBase - By.name: deletefound
19:59:23.599 [main] INFO  com.tran16.tests.TestBase - By.linkText: group pagefound
19:59:25.792 [main] INFO  com.tran16.tests.TestBase - By.name: selected[]found
19:59:25.793 [main] INFO  com.tran16.tests.TestBase - Stop testdeletionGroupTest2
19:59:25.798 [main] INFO  com.tran16.tests.TestBase - Start test deletionLastGroupTest
19:59:25.810 [main] INFO  com.tran16.tests.TestBase - By.xpath: //h1[contains(text(),'Groups')]found
19:59:25.821 [main] INFO  com.tran16.tests.TestBase - By.name: selected[]found
19:59:25.833 [main] INFO  com.tran16.tests.TestBase - By.cssSelector: span.groupfound
19:59:25.878 [main] INFO  com.tran16.tests.TestBase - By.tagName: inputfound
19:59:25.930 [main] INFO  com.tran16.tests.TestBase - By.tagName: inputfound
19:59:25.981 [main] INFO  com.tran16.tests.TestBase - By.tagName: inputfound
19:59:26.032 [main] INFO  com.tran16.tests.TestBase - By.tagName: inputfound
19:59:26.052 [main] INFO  com.tran16.tests.TestBase - By.name: selected[]found
19:59:26.123 [main] INFO  com.tran16.tests.TestBase - By.name: deletefound
19:59:26.292 [main] INFO  com.tran16.tests.TestBase - By.linkText: group pagefound
19:59:28.447 [main] INFO  com.tran16.tests.TestBase - By.cssSelector: span.groupfound
19:59:28.515 [main] INFO  com.tran16.tests.TestBase - By.tagName: inputfound
19:59:28.576 [main] INFO  com.tran16.tests.TestBase - By.tagName: inputfound
19:59:28.636 [main] INFO  com.tran16.tests.TestBase - By.tagName: inputfound
19:59:28.644 [main] INFO  com.tran16.tests.TestBase - Stop testdeletionLastGroupTest
19:59:28.645 [main] INFO  com.tran16.tests.TestBase - Start test testGroupModification
19:59:28.658 [main] INFO  com.tran16.tests.TestBase - By.xpath: //h1[contains(text(),'Groups')]found
19:59:28.669 [main] INFO  com.tran16.tests.TestBase - By.name: selected[]found
19:59:28.681 [main] INFO  com.tran16.tests.TestBase - By.cssSelector: span.groupfound
19:59:28.704 [main] INFO  com.tran16.tests.TestBase - By.tagName: inputfound
19:59:28.732 [main] INFO  com.tran16.tests.TestBase - By.tagName: inputfound
19:59:28.762 [main] INFO  com.tran16.tests.TestBase - By.tagName: inputfound
19:59:28.782 [main] INFO  com.tran16.tests.TestBase - By.name: selected[]found
19:59:28.865 [main] INFO  com.tran16.tests.TestBase - By.xpath: //*[@name='edit'][1]found
19:59:29.021 [main] INFO  com.tran16.tests.TestBase - By.name: group_namefound
19:59:29.101 [main] INFO  com.tran16.tests.TestBase - By.name: group_namefound
19:59:29.140 [main] INFO  com.tran16.tests.TestBase - By.name: group_namefound
19:59:29.277 [main] INFO  com.tran16.tests.TestBase - By.name: group_headerfound
19:59:29.349 [main] INFO  com.tran16.tests.TestBase - By.name: group_headerfound
19:59:29.385 [main] INFO  com.tran16.tests.TestBase - By.name: group_headerfound
19:59:29.524 [main] INFO  com.tran16.tests.TestBase - By.name: group_footerfound
19:59:29.599 [main] INFO  com.tran16.tests.TestBase - By.name: group_footerfound
19:59:29.648 [main] INFO  com.tran16.tests.TestBase - By.name: group_footerfound
19:59:29.795 [main] INFO  com.tran16.tests.TestBase - By.name: updatefound
19:59:29.963 [main] INFO  com.tran16.tests.TestBase - By.linkText: group pagefound
19:59:32.108 [main] INFO  com.tran16.tests.TestBase - By.cssSelector: span.groupfound
19:59:32.183 [main] INFO  com.tran16.tests.TestBase - By.tagName: inputfound
19:59:32.233 [main] INFO  com.tran16.tests.TestBase - By.tagName: inputfound
19:59:32.284 [main] INFO  com.tran16.tests.TestBase - By.tagName: inputfound
19:59:32.307 [main] INFO  com.tran16.tests.TestBase - Stop testtestGroupModification
